{"C:\\Users\\LENOVO\\Documents\\GitHub\\clean-code-final-assignment\\src\\clients\\EmailClient.ts": {"path":"C:\\Users\\LENOVO\\Documents\\GitHub\\clean-code-final-assignment\\src\\clients\\EmailClient.ts","all":false,"statementMap":{"0":{"start":{"line":1,"column":0},"end":{"line":1,"column":73}},"1":{"start":{"line":2,"column":0},"end":{"line":2,"column":44}},"2":{"start":{"line":3,"column":0},"end":{"line":3,"column":62}},"3":{"start":{"line":4,"column":0},"end":{"line":4,"column":0}},"4":{"start":{"line":5,"column":0},"end":{"line":5,"column":52}},"5":{"start":{"line":6,"column":0},"end":{"line":6,"column":76}},"6":{"start":{"line":7,"column":0},"end":{"line":7,"column":56}},"7":{"start":{"line":8,"column":0},"end":{"line":8,"column":54}},"8":{"start":{"line":9,"column":0},"end":{"line":9,"column":3}},"9":{"start":{"line":10,"column":0},"end":{"line":10,"column":0}},"10":{"start":{"line":11,"column":0},"end":{"line":11,"column":15}},"11":{"start":{"line":12,"column":0},"end":{"line":12,"column":14}},"12":{"start":{"line":13,"column":0},"end":{"line":13,"column":87}},"13":{"start":{"line":14,"column":0},"end":{"line":14,"column":3}},"14":{"start":{"line":15,"column":0},"end":{"line":15,"column":2}},"15":{"start":{"line":16,"column":0},"end":{"line":16,"column":0}},"16":{"start":{"line":17,"column":0},"end":{"line":17,"column":54}},"17":{"start":{"line":18,"column":0},"end":{"line":18,"column":35}},"18":{"start":{"line":19,"column":0},"end":{"line":19,"column":38}},"19":{"start":{"line":20,"column":0},"end":{"line":20,"column":2}},"20":{"start":{"line":21,"column":0},"end":{"line":21,"column":1}}},"s":{"0":1,"1":1,"2":1,"3":1,"4":1,"5":1,"6":2,"7":1,"8":1,"9":1,"10":1,"11":1,"12":1,"13":1,"14":1,"15":1,"16":1,"17":2,"18":2,"19":2,"20":1},"branchMap":{"0":{"type":"branch","line":6,"loc":{"start":{"line":6,"column":7},"end":{"line":15,"column":2}},"locations":[{"start":{"line":6,"column":7},"end":{"line":15,"column":2}}]},"1":{"type":"branch","line":7,"loc":{"start":{"line":7,"column":55},"end":{"line":15,"column":2}},"locations":[{"start":{"line":7,"column":55},"end":{"line":15,"column":2}}]},"2":{"type":"branch","line":17,"loc":{"start":{"line":17,"column":9},"end":{"line":20,"column":2}},"locations":[{"start":{"line":17,"column":9},"end":{"line":20,"column":2}}]}},"b":{"0":[2],"1":[1],"2":[2]},"fnMap":{"0":{"name":"SendNotification","decl":{"start":{"line":6,"column":7},"end":{"line":15,"column":2}},"loc":{"start":{"line":6,"column":7},"end":{"line":15,"column":2}},"line":6},"1":{"name":"isValidEmail","decl":{"start":{"line":17,"column":9},"end":{"line":20,"column":2}},"loc":{"start":{"line":17,"column":9},"end":{"line":20,"column":2}},"line":17}},"f":{"0":2,"1":2}}
,"C:\\Users\\LENOVO\\Documents\\GitHub\\clean-code-final-assignment\\src\\clients\\FinancialApiClient.ts": {"path":"C:\\Users\\LENOVO\\Documents\\GitHub\\clean-code-final-assignment\\src\\clients\\FinancialApiClient.ts","all":false,"statementMap":{"0":{"start":{"line":1,"column":0},"end":{"line":1,"column":80}},"1":{"start":{"line":2,"column":0},"end":{"line":2,"column":0}},"2":{"start":{"line":3,"column":0},"end":{"line":3,"column":64}},"3":{"start":{"line":4,"column":0},"end":{"line":4,"column":33}},"4":{"start":{"line":5,"column":0},"end":{"line":5,"column":0}},"5":{"start":{"line":6,"column":0},"end":{"line":6,"column":31}},"6":{"start":{"line":7,"column":0},"end":{"line":7,"column":24}},"7":{"start":{"line":8,"column":0},"end":{"line":8,"column":2}},"8":{"start":{"line":9,"column":0},"end":{"line":9,"column":0}},"9":{"start":{"line":10,"column":0},"end":{"line":10,"column":78}},"10":{"start":{"line":11,"column":0},"end":{"line":11,"column":81}},"11":{"start":{"line":12,"column":0},"end":{"line":12,"column":36}},"12":{"start":{"line":13,"column":0},"end":{"line":13,"column":46}},"13":{"start":{"line":14,"column":0},"end":{"line":14,"column":2}},"14":{"start":{"line":15,"column":0},"end":{"line":15,"column":0}},"15":{"start":{"line":16,"column":0},"end":{"line":16,"column":96}},"16":{"start":{"line":17,"column":0},"end":{"line":17,"column":83}},"17":{"start":{"line":18,"column":0},"end":{"line":18,"column":17}},"18":{"start":{"line":19,"column":0},"end":{"line":19,"column":13}},"19":{"start":{"line":20,"column":0},"end":{"line":20,"column":39}},"20":{"start":{"line":21,"column":0},"end":{"line":21,"column":5}},"21":{"start":{"line":22,"column":0},"end":{"line":22,"column":25}},"22":{"start":{"line":23,"column":0},"end":{"line":23,"column":19}},"23":{"start":{"line":24,"column":0},"end":{"line":24,"column":6}},"24":{"start":{"line":25,"column":0},"end":{"line":25,"column":4}},"25":{"start":{"line":26,"column":0},"end":{"line":26,"column":2}},"26":{"start":{"line":27,"column":0},"end":{"line":27,"column":1}}},"s":{"0":1,"1":1,"2":1,"3":1,"4":1,"5":1,"6":3,"7":3,"8":1,"9":1,"10":2,"11":2,"12":2,"13":2,"14":1,"15":1,"16":1,"17":1,"18":1,"19":1,"20":1,"21":1,"22":1,"23":1,"24":1,"25":1,"26":1},"branchMap":{"0":{"type":"branch","line":6,"loc":{"start":{"line":6,"column":1},"end":{"line":8,"column":2}},"locations":[{"start":{"line":6,"column":1},"end":{"line":8,"column":2}}]},"1":{"type":"branch","line":10,"loc":{"start":{"line":10,"column":7},"end":{"line":14,"column":2}},"locations":[{"start":{"line":10,"column":7},"end":{"line":14,"column":2}}]},"2":{"type":"branch","line":13,"loc":{"start":{"line":13,"column":32},"end":{"line":13,"column":38}},"locations":[{"start":{"line":13,"column":32},"end":{"line":13,"column":38}}]},"3":{"type":"branch","line":13,"loc":{"start":{"line":13,"column":39},"end":{"line":13,"column":46}},"locations":[{"start":{"line":13,"column":39},"end":{"line":13,"column":46}}]},"4":{"type":"branch","line":16,"loc":{"start":{"line":16,"column":7},"end":{"line":26,"column":2}},"locations":[{"start":{"line":16,"column":7},"end":{"line":26,"column":2}}]}},"b":{"0":[3],"1":[2],"2":[1],"3":[1],"4":[1]},"fnMap":{"0":{"name":"FinancialApiClient","decl":{"start":{"line":6,"column":1},"end":{"line":8,"column":2}},"loc":{"start":{"line":6,"column":1},"end":{"line":8,"column":2}},"line":6},"1":{"name":"GetIsOrderPaid","decl":{"start":{"line":10,"column":7},"end":{"line":14,"column":2}},"loc":{"start":{"line":10,"column":7},"end":{"line":14,"column":2}},"line":10},"2":{"name":"ChangePaymentStatus","decl":{"start":{"line":16,"column":7},"end":{"line":26,"column":2}},"loc":{"start":{"line":16,"column":7},"end":{"line":26,"column":2}},"line":16}},"f":{"0":3,"1":2,"2":1}}
,"C:\\Users\\LENOVO\\Documents\\GitHub\\clean-code-final-assignment\\src\\clients\\PushNotificationClient.ts": {"path":"C:\\Users\\LENOVO\\Documents\\GitHub\\clean-code-final-assignment\\src\\clients\\PushNotificationClient.ts","all":false,"statementMap":{"0":{"start":{"line":1,"column":0},"end":{"line":1,"column":73}},"1":{"start":{"line":2,"column":0},"end":{"line":2,"column":44}},"2":{"start":{"line":3,"column":0},"end":{"line":3,"column":62}},"3":{"start":{"line":4,"column":0},"end":{"line":4,"column":0}},"4":{"start":{"line":5,"column":0},"end":{"line":5,"column":63}},"5":{"start":{"line":6,"column":0},"end":{"line":6,"column":76}},"6":{"start":{"line":7,"column":0},"end":{"line":7,"column":61}},"7":{"start":{"line":8,"column":0},"end":{"line":8,"column":53}},"8":{"start":{"line":9,"column":0},"end":{"line":9,"column":3}},"9":{"start":{"line":10,"column":0},"end":{"line":10,"column":0}},"10":{"start":{"line":11,"column":0},"end":{"line":11,"column":27}},"11":{"start":{"line":12,"column":0},"end":{"line":12,"column":14}},"12":{"start":{"line":13,"column":0},"end":{"line":13,"column":85}},"13":{"start":{"line":14,"column":0},"end":{"line":14,"column":3}},"14":{"start":{"line":15,"column":0},"end":{"line":15,"column":2}},"15":{"start":{"line":16,"column":0},"end":{"line":16,"column":0}},"16":{"start":{"line":17,"column":0},"end":{"line":17,"column":59}},"17":{"start":{"line":18,"column":0},"end":{"line":18,"column":57}},"18":{"start":{"line":19,"column":0},"end":{"line":19,"column":37}},"19":{"start":{"line":20,"column":0},"end":{"line":20,"column":2}},"20":{"start":{"line":21,"column":0},"end":{"line":21,"column":1}}},"s":{"0":1,"1":1,"2":1,"3":1,"4":1,"5":1,"6":2,"7":1,"8":1,"9":1,"10":1,"11":1,"12":1,"13":1,"14":1,"15":1,"16":1,"17":2,"18":2,"19":2,"20":1},"branchMap":{"0":{"type":"branch","line":6,"loc":{"start":{"line":6,"column":7},"end":{"line":15,"column":2}},"locations":[{"start":{"line":6,"column":7},"end":{"line":15,"column":2}}]},"1":{"type":"branch","line":7,"loc":{"start":{"line":7,"column":60},"end":{"line":15,"column":2}},"locations":[{"start":{"line":7,"column":60},"end":{"line":15,"column":2}}]},"2":{"type":"branch","line":17,"loc":{"start":{"line":17,"column":9},"end":{"line":20,"column":2}},"locations":[{"start":{"line":17,"column":9},"end":{"line":20,"column":2}}]}},"b":{"0":[2],"1":[1],"2":[2]},"fnMap":{"0":{"name":"SendNotification","decl":{"start":{"line":6,"column":7},"end":{"line":15,"column":2}},"loc":{"start":{"line":6,"column":7},"end":{"line":15,"column":2}},"line":6},"1":{"name":"isValidPhoneNumber","decl":{"start":{"line":17,"column":9},"end":{"line":20,"column":2}},"loc":{"start":{"line":17,"column":9},"end":{"line":20,"column":2}},"line":17}},"f":{"0":2,"1":2}}
,"C:\\Users\\LENOVO\\Documents\\GitHub\\clean-code-final-assignment\\src\\errors\\networkError.ts": {"path":"C:\\Users\\LENOVO\\Documents\\GitHub\\clean-code-final-assignment\\src\\errors\\networkError.ts","all":false,"statementMap":{"0":{"start":{"line":1,"column":0},"end":{"line":1,"column":41}},"1":{"start":{"line":2,"column":0},"end":{"line":2,"column":68}},"2":{"start":{"line":3,"column":0},"end":{"line":3,"column":16}},"3":{"start":{"line":4,"column":0},"end":{"line":4,"column":35}},"4":{"start":{"line":5,"column":0},"end":{"line":5,"column":2}},"5":{"start":{"line":6,"column":0},"end":{"line":6,"column":1}}},"s":{"0":1,"1":1,"2":40,"3":40,"4":40,"5":1},"branchMap":{"0":{"type":"branch","line":2,"loc":{"start":{"line":2,"column":1},"end":{"line":5,"column":2}},"locations":[{"start":{"line":2,"column":1},"end":{"line":5,"column":2}}]}},"b":{"0":[40]},"fnMap":{"0":{"name":"NetworkError","decl":{"start":{"line":2,"column":1},"end":{"line":5,"column":2}},"loc":{"start":{"line":2,"column":1},"end":{"line":5,"column":2}},"line":2}},"f":{"0":40}}
,"C:\\Users\\LENOVO\\Documents\\GitHub\\clean-code-final-assignment\\src\\errors\\notFoundError.ts": {"path":"C:\\Users\\LENOVO\\Documents\\GitHub\\clean-code-final-assignment\\src\\errors\\notFoundError.ts","all":false,"statementMap":{"0":{"start":{"line":1,"column":0},"end":{"line":1,"column":42}},"1":{"start":{"line":2,"column":0},"end":{"line":2,"column":68}},"2":{"start":{"line":3,"column":0},"end":{"line":3,"column":16}},"3":{"start":{"line":4,"column":0},"end":{"line":4,"column":35}},"4":{"start":{"line":5,"column":0},"end":{"line":5,"column":2}},"5":{"start":{"line":6,"column":0},"end":{"line":6,"column":1}}},"s":{"0":1,"1":1,"2":12,"3":12,"4":12,"5":1},"branchMap":{"0":{"type":"branch","line":2,"loc":{"start":{"line":2,"column":1},"end":{"line":5,"column":2}},"locations":[{"start":{"line":2,"column":1},"end":{"line":5,"column":2}}]}},"b":{"0":[12]},"fnMap":{"0":{"name":"NotFoundError","decl":{"start":{"line":2,"column":1},"end":{"line":5,"column":2}},"loc":{"start":{"line":2,"column":1},"end":{"line":5,"column":2}},"line":2}},"f":{"0":12}}
,"C:\\Users\\LENOVO\\Documents\\GitHub\\clean-code-final-assignment\\src\\errors\\validationError.ts": {"path":"C:\\Users\\LENOVO\\Documents\\GitHub\\clean-code-final-assignment\\src\\errors\\validationError.ts","all":false,"statementMap":{"0":{"start":{"line":1,"column":0},"end":{"line":1,"column":44}},"1":{"start":{"line":2,"column":0},"end":{"line":2,"column":68}},"2":{"start":{"line":3,"column":0},"end":{"line":3,"column":16}},"3":{"start":{"line":4,"column":0},"end":{"line":4,"column":35}},"4":{"start":{"line":5,"column":0},"end":{"line":5,"column":2}},"5":{"start":{"line":6,"column":0},"end":{"line":6,"column":1}}},"s":{"0":1,"1":1,"2":6,"3":6,"4":6,"5":1},"branchMap":{"0":{"type":"branch","line":2,"loc":{"start":{"line":2,"column":1},"end":{"line":5,"column":2}},"locations":[{"start":{"line":2,"column":1},"end":{"line":5,"column":2}}]}},"b":{"0":[6]},"fnMap":{"0":{"name":"ValidationError","decl":{"start":{"line":2,"column":1},"end":{"line":5,"column":2}},"loc":{"start":{"line":2,"column":1},"end":{"line":5,"column":2}},"line":2}},"f":{"0":6}}
,"C:\\Users\\LENOVO\\Documents\\GitHub\\clean-code-final-assignment\\src\\models\\Course.ts": {"path":"C:\\Users\\LENOVO\\Documents\\GitHub\\clean-code-final-assignment\\src\\models\\Course.ts","all":false,"statementMap":{"0":{"start":{"line":1,"column":0},"end":{"line":1,"column":35}},"1":{"start":{"line":2,"column":0},"end":{"line":2,"column":37}},"2":{"start":{"line":3,"column":0},"end":{"line":3,"column":0}},"3":{"start":{"line":4,"column":0},"end":{"line":4,"column":21}},"4":{"start":{"line":5,"column":0},"end":{"line":5,"column":33}},"5":{"start":{"line":6,"column":0},"end":{"line":6,"column":35}},"6":{"start":{"line":7,"column":0},"end":{"line":7,"column":0}},"7":{"start":{"line":8,"column":0},"end":{"line":8,"column":13}},"8":{"start":{"line":9,"column":0},"end":{"line":9,"column":27}},"9":{"start":{"line":10,"column":0},"end":{"line":10,"column":29}},"10":{"start":{"line":11,"column":0},"end":{"line":11,"column":28}},"11":{"start":{"line":12,"column":0},"end":{"line":12,"column":32}},"12":{"start":{"line":13,"column":0},"end":{"line":13,"column":25}},"13":{"start":{"line":14,"column":0},"end":{"line":14,"column":5}},"14":{"start":{"line":15,"column":0},"end":{"line":15,"column":0}},"15":{"start":{"line":16,"column":0},"end":{"line":16,"column":46}},"16":{"start":{"line":17,"column":0},"end":{"line":17,"column":29}},"17":{"start":{"line":18,"column":0},"end":{"line":18,"column":2}},"18":{"start":{"line":19,"column":0},"end":{"line":19,"column":0}},"19":{"start":{"line":20,"column":0},"end":{"line":20,"column":49}},"20":{"start":{"line":21,"column":0},"end":{"line":21,"column":31}},"21":{"start":{"line":22,"column":0},"end":{"line":22,"column":2}},"22":{"start":{"line":23,"column":0},"end":{"line":23,"column":0}},"23":{"start":{"line":24,"column":0},"end":{"line":24,"column":23}},"24":{"start":{"line":25,"column":0},"end":{"line":25,"column":22}},"25":{"start":{"line":26,"column":0},"end":{"line":26,"column":2}},"26":{"start":{"line":27,"column":0},"end":{"line":27,"column":0}},"27":{"start":{"line":28,"column":0},"end":{"line":28,"column":24}},"28":{"start":{"line":29,"column":0},"end":{"line":29,"column":23}},"29":{"start":{"line":30,"column":0},"end":{"line":30,"column":2}},"30":{"start":{"line":31,"column":0},"end":{"line":31,"column":0}},"31":{"start":{"line":32,"column":0},"end":{"line":32,"column":17}},"32":{"start":{"line":33,"column":0},"end":{"line":33,"column":22}},"33":{"start":{"line":34,"column":0},"end":{"line":34,"column":2}},"34":{"start":{"line":35,"column":0},"end":{"line":35,"column":0}},"35":{"start":{"line":36,"column":0},"end":{"line":36,"column":19}},"36":{"start":{"line":37,"column":0},"end":{"line":37,"column":24}},"37":{"start":{"line":38,"column":0},"end":{"line":38,"column":2}},"38":{"start":{"line":39,"column":0},"end":{"line":39,"column":0}},"39":{"start":{"line":40,"column":0},"end":{"line":40,"column":24}},"40":{"start":{"line":41,"column":0},"end":{"line":41,"column":23}},"41":{"start":{"line":42,"column":0},"end":{"line":42,"column":2}},"42":{"start":{"line":43,"column":0},"end":{"line":43,"column":0}},"43":{"start":{"line":44,"column":0},"end":{"line":44,"column":28}},"44":{"start":{"line":45,"column":0},"end":{"line":45,"column":27}},"45":{"start":{"line":46,"column":0},"end":{"line":46,"column":2}},"46":{"start":{"line":47,"column":0},"end":{"line":47,"column":0}},"47":{"start":{"line":48,"column":0},"end":{"line":48,"column":24}},"48":{"start":{"line":49,"column":0},"end":{"line":49,"column":23}},"49":{"start":{"line":50,"column":0},"end":{"line":50,"column":2}},"50":{"start":{"line":51,"column":0},"end":{"line":51,"column":1}}},"s":{"0":1,"1":1,"2":1,"3":1,"4":1,"5":1,"6":1,"7":1,"8":14,"9":14,"10":14,"11":14,"12":14,"13":14,"14":1,"15":1,"16":1,"17":1,"18":1,"19":1,"20":1,"21":1,"22":1,"23":1,"24":1,"25":1,"26":1,"27":1,"28":1,"29":1,"30":1,"31":1,"32":7,"33":7,"34":1,"35":1,"36":1,"37":1,"38":1,"39":1,"40":1,"41":1,"42":1,"43":1,"44":1,"45":1,"46":1,"47":1,"48":1,"49":1,"50":1},"branchMap":{"0":{"type":"branch","line":8,"loc":{"start":{"line":8,"column":1},"end":{"line":14,"column":5}},"locations":[{"start":{"line":8,"column":1},"end":{"line":14,"column":5}}]},"1":{"type":"branch","line":16,"loc":{"start":{"line":16,"column":8},"end":{"line":18,"column":2}},"locations":[{"start":{"line":16,"column":8},"end":{"line":18,"column":2}}]},"2":{"type":"branch","line":20,"loc":{"start":{"line":20,"column":8},"end":{"line":22,"column":2}},"locations":[{"start":{"line":20,"column":8},"end":{"line":22,"column":2}}]},"3":{"type":"branch","line":24,"loc":{"start":{"line":24,"column":8},"end":{"line":26,"column":2}},"locations":[{"start":{"line":24,"column":8},"end":{"line":26,"column":2}}]},"4":{"type":"branch","line":28,"loc":{"start":{"line":28,"column":8},"end":{"line":30,"column":2}},"locations":[{"start":{"line":28,"column":8},"end":{"line":30,"column":2}}]},"5":{"type":"branch","line":32,"loc":{"start":{"line":32,"column":8},"end":{"line":34,"column":2}},"locations":[{"start":{"line":32,"column":8},"end":{"line":34,"column":2}}]},"6":{"type":"branch","line":36,"loc":{"start":{"line":36,"column":8},"end":{"line":38,"column":2}},"locations":[{"start":{"line":36,"column":8},"end":{"line":38,"column":2}}]},"7":{"type":"branch","line":40,"loc":{"start":{"line":40,"column":8},"end":{"line":42,"column":2}},"locations":[{"start":{"line":40,"column":8},"end":{"line":42,"column":2}}]},"8":{"type":"branch","line":44,"loc":{"start":{"line":44,"column":8},"end":{"line":46,"column":2}},"locations":[{"start":{"line":44,"column":8},"end":{"line":46,"column":2}}]},"9":{"type":"branch","line":48,"loc":{"start":{"line":48,"column":8},"end":{"line":50,"column":2}},"locations":[{"start":{"line":48,"column":8},"end":{"line":50,"column":2}}]}},"b":{"0":[14],"1":[1],"2":[1],"3":[1],"4":[1],"5":[7],"6":[1],"7":[1],"8":[1],"9":[1]},"fnMap":{"0":{"name":"Course","decl":{"start":{"line":8,"column":1},"end":{"line":14,"column":5}},"loc":{"start":{"line":8,"column":1},"end":{"line":14,"column":5}},"line":8},"1":{"name":"AddStudentToCourse","decl":{"start":{"line":16,"column":8},"end":{"line":18,"column":2}},"loc":{"start":{"line":16,"column":8},"end":{"line":18,"column":2}},"line":16},"2":{"name":"AddLecturerToCourse","decl":{"start":{"line":20,"column":8},"end":{"line":22,"column":2}},"loc":{"start":{"line":20,"column":8},"end":{"line":22,"column":2}},"line":20},"3":{"name":"GetStudents","decl":{"start":{"line":24,"column":8},"end":{"line":26,"column":2}},"loc":{"start":{"line":24,"column":8},"end":{"line":26,"column":2}},"line":24},"4":{"name":"GetLecturers","decl":{"start":{"line":28,"column":8},"end":{"line":30,"column":2}},"loc":{"start":{"line":28,"column":8},"end":{"line":30,"column":2}},"line":28},"5":{"name":"GetId","decl":{"start":{"line":32,"column":8},"end":{"line":34,"column":2}},"loc":{"start":{"line":32,"column":8},"end":{"line":34,"column":2}},"line":32},"6":{"name":"GetName","decl":{"start":{"line":36,"column":8},"end":{"line":38,"column":2}},"loc":{"start":{"line":36,"column":8},"end":{"line":38,"column":2}},"line":36},"7":{"name":"GetCostInHuf","decl":{"start":{"line":40,"column":8},"end":{"line":42,"column":2}},"loc":{"start":{"line":40,"column":8},"end":{"line":42,"column":2}},"line":40},"8":{"name":"GetLengthInWeeks","decl":{"start":{"line":44,"column":8},"end":{"line":46,"column":2}},"loc":{"start":{"line":44,"column":8},"end":{"line":46,"column":2}},"line":44},"9":{"name":"GetStartDate","decl":{"start":{"line":48,"column":8},"end":{"line":50,"column":2}},"loc":{"start":{"line":48,"column":8},"end":{"line":50,"column":2}},"line":48}},"f":{"0":14,"1":1,"2":1,"3":1,"4":1,"5":7,"6":1,"7":1,"8":1,"9":1}}
,"C:\\Users\\LENOVO\\Documents\\GitHub\\clean-code-final-assignment\\src\\models\\CourseStatistics.ts": {"path":"C:\\Users\\LENOVO\\Documents\\GitHub\\clean-code-final-assignment\\src\\models\\CourseStatistics.ts","all":false,"statementMap":{"0":{"start":{"line":1,"column":0},"end":{"line":1,"column":31}},"1":{"start":{"line":2,"column":0},"end":{"line":2,"column":29}},"2":{"start":{"line":3,"column":0},"end":{"line":3,"column":0}},"3":{"start":{"line":4,"column":0},"end":{"line":4,"column":13}},"4":{"start":{"line":5,"column":0},"end":{"line":5,"column":21}},"5":{"start":{"line":6,"column":0},"end":{"line":6,"column":27}},"6":{"start":{"line":7,"column":0},"end":{"line":7,"column":28}},"7":{"start":{"line":8,"column":0},"end":{"line":8,"column":32}},"8":{"start":{"line":9,"column":0},"end":{"line":9,"column":36}},"9":{"start":{"line":10,"column":0},"end":{"line":10,"column":28}},"10":{"start":{"line":11,"column":0},"end":{"line":11,"column":5}},"11":{"start":{"line":12,"column":0},"end":{"line":12,"column":0}},"12":{"start":{"line":13,"column":0},"end":{"line":13,"column":17}},"13":{"start":{"line":14,"column":0},"end":{"line":14,"column":16}},"14":{"start":{"line":15,"column":0},"end":{"line":15,"column":2}},"15":{"start":{"line":16,"column":0},"end":{"line":16,"column":0}},"16":{"start":{"line":17,"column":0},"end":{"line":17,"column":23}},"17":{"start":{"line":18,"column":0},"end":{"line":18,"column":22}},"18":{"start":{"line":19,"column":0},"end":{"line":19,"column":2}},"19":{"start":{"line":20,"column":0},"end":{"line":20,"column":0}},"20":{"start":{"line":21,"column":0},"end":{"line":21,"column":24}},"21":{"start":{"line":22,"column":0},"end":{"line":22,"column":23}},"22":{"start":{"line":23,"column":0},"end":{"line":23,"column":2}},"23":{"start":{"line":24,"column":0},"end":{"line":24,"column":0}},"24":{"start":{"line":25,"column":0},"end":{"line":25,"column":28}},"25":{"start":{"line":26,"column":0},"end":{"line":26,"column":27}},"26":{"start":{"line":27,"column":0},"end":{"line":27,"column":2}},"27":{"start":{"line":28,"column":0},"end":{"line":28,"column":0}},"28":{"start":{"line":29,"column":0},"end":{"line":29,"column":32}},"29":{"start":{"line":30,"column":0},"end":{"line":30,"column":31}},"30":{"start":{"line":31,"column":0},"end":{"line":31,"column":2}},"31":{"start":{"line":32,"column":0},"end":{"line":32,"column":0}},"32":{"start":{"line":33,"column":0},"end":{"line":33,"column":27}},"33":{"start":{"line":34,"column":0},"end":{"line":34,"column":26}},"34":{"start":{"line":35,"column":0},"end":{"line":35,"column":2}},"35":{"start":{"line":36,"column":0},"end":{"line":36,"column":0}},"36":{"start":{"line":37,"column":0},"end":{"line":37,"column":23}},"37":{"start":{"line":38,"column":0},"end":{"line":38,"column":22}},"38":{"start":{"line":39,"column":0},"end":{"line":39,"column":2}},"39":{"start":{"line":40,"column":0},"end":{"line":40,"column":0}},"40":{"start":{"line":41,"column":0},"end":{"line":41,"column":27}},"41":{"start":{"line":42,"column":0},"end":{"line":42,"column":14}},"42":{"start":{"line":43,"column":0},"end":{"line":43,"column":2}},"43":{"start":{"line":44,"column":0},"end":{"line":44,"column":0}},"44":{"start":{"line":45,"column":0},"end":{"line":45,"column":39}},"45":{"start":{"line":46,"column":0},"end":{"line":46,"column":26}},"46":{"start":{"line":47,"column":0},"end":{"line":47,"column":2}},"47":{"start":{"line":48,"column":0},"end":{"line":48,"column":0}},"48":{"start":{"line":49,"column":0},"end":{"line":49,"column":41}},"49":{"start":{"line":50,"column":0},"end":{"line":50,"column":28}},"50":{"start":{"line":51,"column":0},"end":{"line":51,"column":2}},"51":{"start":{"line":52,"column":0},"end":{"line":52,"column":0}},"52":{"start":{"line":53,"column":0},"end":{"line":53,"column":49}},"53":{"start":{"line":54,"column":0},"end":{"line":54,"column":36}},"54":{"start":{"line":55,"column":0},"end":{"line":55,"column":2}},"55":{"start":{"line":56,"column":0},"end":{"line":56,"column":0}},"56":{"start":{"line":57,"column":0},"end":{"line":57,"column":57}},"57":{"start":{"line":58,"column":0},"end":{"line":58,"column":44}},"58":{"start":{"line":59,"column":0},"end":{"line":59,"column":2}},"59":{"start":{"line":60,"column":0},"end":{"line":60,"column":0}},"60":{"start":{"line":61,"column":0},"end":{"line":61,"column":45}},"61":{"start":{"line":62,"column":0},"end":{"line":62,"column":34}},"62":{"start":{"line":63,"column":0},"end":{"line":63,"column":2}},"63":{"start":{"line":64,"column":0},"end":{"line":64,"column":0}},"64":{"start":{"line":65,"column":0},"end":{"line":65,"column":71}},"65":{"start":{"line":66,"column":0},"end":{"line":66,"column":59}},"66":{"start":{"line":67,"column":0},"end":{"line":67,"column":2}},"67":{"start":{"line":68,"column":0},"end":{"line":68,"column":1}}},"s":{"0":1,"1":1,"2":1,"3":1,"4":20,"5":20,"6":20,"7":20,"8":20,"9":20,"10":20,"11":1,"12":1,"13":4,"14":4,"15":1,"16":1,"17":2,"18":2,"19":1,"20":1,"21":2,"22":2,"23":1,"24":1,"25":2,"26":2,"27":1,"28":1,"29":2,"30":2,"31":1,"32":1,"33":2,"34":2,"35":1,"36":1,"37":2,"38":2,"39":1,"40":1,"41":1,"42":1,"43":1,"44":1,"45":1,"46":1,"47":1,"48":1,"49":1,"50":1,"51":1,"52":1,"53":1,"54":1,"55":1,"56":1,"57":1,"58":1,"59":1,"60":1,"61":1,"62":1,"63":1,"64":1,"65":1,"66":1,"67":1},"branchMap":{"0":{"type":"branch","line":4,"loc":{"start":{"line":4,"column":1},"end":{"line":11,"column":5}},"locations":[{"start":{"line":4,"column":1},"end":{"line":11,"column":5}}]},"1":{"type":"branch","line":13,"loc":{"start":{"line":13,"column":8},"end":{"line":15,"column":2}},"locations":[{"start":{"line":13,"column":8},"end":{"line":15,"column":2}}]},"2":{"type":"branch","line":17,"loc":{"start":{"line":17,"column":8},"end":{"line":19,"column":2}},"locations":[{"start":{"line":17,"column":8},"end":{"line":19,"column":2}}]},"3":{"type":"branch","line":21,"loc":{"start":{"line":21,"column":8},"end":{"line":23,"column":2}},"locations":[{"start":{"line":21,"column":8},"end":{"line":23,"column":2}}]},"4":{"type":"branch","line":25,"loc":{"start":{"line":25,"column":8},"end":{"line":27,"column":2}},"locations":[{"start":{"line":25,"column":8},"end":{"line":27,"column":2}}]},"5":{"type":"branch","line":29,"loc":{"start":{"line":29,"column":8},"end":{"line":31,"column":2}},"locations":[{"start":{"line":29,"column":8},"end":{"line":31,"column":2}}]},"6":{"type":"branch","line":33,"loc":{"start":{"line":33,"column":8},"end":{"line":35,"column":2}},"locations":[{"start":{"line":33,"column":8},"end":{"line":35,"column":2}}]},"7":{"type":"branch","line":37,"loc":{"start":{"line":37,"column":8},"end":{"line":39,"column":2}},"locations":[{"start":{"line":37,"column":8},"end":{"line":39,"column":2}}]},"8":{"type":"branch","line":41,"loc":{"start":{"line":41,"column":8},"end":{"line":43,"column":2}},"locations":[{"start":{"line":41,"column":8},"end":{"line":43,"column":2}}]},"9":{"type":"branch","line":45,"loc":{"start":{"line":45,"column":8},"end":{"line":47,"column":2}},"locations":[{"start":{"line":45,"column":8},"end":{"line":47,"column":2}}]},"10":{"type":"branch","line":49,"loc":{"start":{"line":49,"column":8},"end":{"line":51,"column":2}},"locations":[{"start":{"line":49,"column":8},"end":{"line":51,"column":2}}]},"11":{"type":"branch","line":53,"loc":{"start":{"line":53,"column":8},"end":{"line":55,"column":2}},"locations":[{"start":{"line":53,"column":8},"end":{"line":55,"column":2}}]},"12":{"type":"branch","line":57,"loc":{"start":{"line":57,"column":8},"end":{"line":59,"column":2}},"locations":[{"start":{"line":57,"column":8},"end":{"line":59,"column":2}}]},"13":{"type":"branch","line":61,"loc":{"start":{"line":61,"column":8},"end":{"line":63,"column":2}},"locations":[{"start":{"line":61,"column":8},"end":{"line":63,"column":2}}]},"14":{"type":"branch","line":65,"loc":{"start":{"line":65,"column":8},"end":{"line":67,"column":2}},"locations":[{"start":{"line":65,"column":8},"end":{"line":67,"column":2}}]}},"b":{"0":[20],"1":[4],"2":[2],"3":[2],"4":[2],"5":[2],"6":[2],"7":[2],"8":[1],"9":[1],"10":[1],"11":[1],"12":[1],"13":[1],"14":[1]},"fnMap":{"0":{"name":"CourseStatistics","decl":{"start":{"line":4,"column":1},"end":{"line":11,"column":5}},"loc":{"start":{"line":4,"column":1},"end":{"line":11,"column":5}},"line":4},"1":{"name":"GetId","decl":{"start":{"line":13,"column":8},"end":{"line":15,"column":2}},"loc":{"start":{"line":13,"column":8},"end":{"line":15,"column":2}},"line":13},"2":{"name":"GetCourseId","decl":{"start":{"line":17,"column":8},"end":{"line":19,"column":2}},"loc":{"start":{"line":17,"column":8},"end":{"line":19,"column":2}},"line":17},"3":{"name":"GetStudentId","decl":{"start":{"line":21,"column":8},"end":{"line":23,"column":2}},"loc":{"start":{"line":21,"column":8},"end":{"line":23,"column":2}},"line":21},"4":{"name":"GetTotalLectures","decl":{"start":{"line":25,"column":8},"end":{"line":27,"column":2}},"loc":{"start":{"line":25,"column":8},"end":{"line":27,"column":2}},"line":25},"5":{"name":"GetLecturesCompleted","decl":{"start":{"line":29,"column":8},"end":{"line":31,"column":2}},"loc":{"start":{"line":29,"column":8},"end":{"line":31,"column":2}},"line":29},"6":{"name":"GetLastAccessed","decl":{"start":{"line":33,"column":8},"end":{"line":35,"column":2}},"loc":{"start":{"line":33,"column":8},"end":{"line":35,"column":2}},"line":33},"7":{"name":"GetProgress","decl":{"start":{"line":37,"column":8},"end":{"line":39,"column":2}},"loc":{"start":{"line":37,"column":8},"end":{"line":39,"column":2}},"line":37},"8":{"name":"SetId","decl":{"start":{"line":41,"column":8},"end":{"line":43,"column":2}},"loc":{"start":{"line":41,"column":8},"end":{"line":43,"column":2}},"line":41},"9":{"name":"SetCourseId","decl":{"start":{"line":45,"column":8},"end":{"line":47,"column":2}},"loc":{"start":{"line":45,"column":8},"end":{"line":47,"column":2}},"line":45},"10":{"name":"SetStudentId","decl":{"start":{"line":49,"column":8},"end":{"line":51,"column":2}},"loc":{"start":{"line":49,"column":8},"end":{"line":51,"column":2}},"line":49},"11":{"name":"SetTotalLectures","decl":{"start":{"line":53,"column":8},"end":{"line":55,"column":2}},"loc":{"start":{"line":53,"column":8},"end":{"line":55,"column":2}},"line":53},"12":{"name":"SetLecturesCompleted","decl":{"start":{"line":57,"column":8},"end":{"line":59,"column":2}},"loc":{"start":{"line":57,"column":8},"end":{"line":59,"column":2}},"line":57},"13":{"name":"SetLastAccessed","decl":{"start":{"line":61,"column":8},"end":{"line":63,"column":2}},"loc":{"start":{"line":61,"column":8},"end":{"line":63,"column":2}},"line":61},"14":{"name":"SetProgress","decl":{"start":{"line":65,"column":8},"end":{"line":67,"column":2}},"loc":{"start":{"line":65,"column":8},"end":{"line":67,"column":2}},"line":65}},"f":{"0":20,"1":4,"2":2,"3":2,"4":2,"5":2,"6":2,"7":2,"8":1,"9":1,"10":1,"11":1,"12":1,"13":1,"14":1}}
,"C:\\Users\\LENOVO\\Documents\\GitHub\\clean-code-final-assignment\\src\\models\\Lecturer.ts": {"path":"C:\\Users\\LENOVO\\Documents\\GitHub\\clean-code-final-assignment\\src\\models\\Lecturer.ts","all":false,"statementMap":{"0":{"start":{"line":1,"column":0},"end":{"line":1,"column":36}},"1":{"start":{"line":2,"column":0},"end":{"line":2,"column":0}},"2":{"start":{"line":3,"column":0},"end":{"line":3,"column":38}},"3":{"start":{"line":4,"column":0},"end":{"line":4,"column":37}},"4":{"start":{"line":5,"column":0},"end":{"line":5,"column":0}},"5":{"start":{"line":6,"column":0},"end":{"line":6,"column":13}},"6":{"start":{"line":7,"column":0},"end":{"line":7,"column":13}},"7":{"start":{"line":8,"column":0},"end":{"line":8,"column":15}},"8":{"start":{"line":9,"column":0},"end":{"line":9,"column":18}},"9":{"start":{"line":10,"column":0},"end":{"line":10,"column":17}},"10":{"start":{"line":11,"column":0},"end":{"line":11,"column":23}},"11":{"start":{"line":12,"column":0},"end":{"line":12,"column":21}},"12":{"start":{"line":13,"column":0},"end":{"line":13,"column":4}},"13":{"start":{"line":14,"column":0},"end":{"line":14,"column":63}},"14":{"start":{"line":15,"column":0},"end":{"line":15,"column":2}},"15":{"start":{"line":16,"column":0},"end":{"line":16,"column":0}},"16":{"start":{"line":17,"column":0},"end":{"line":17,"column":24}},"17":{"start":{"line":18,"column":0},"end":{"line":18,"column":23}},"18":{"start":{"line":19,"column":0},"end":{"line":19,"column":2}},"19":{"start":{"line":20,"column":0},"end":{"line":20,"column":0}},"20":{"start":{"line":21,"column":0},"end":{"line":21,"column":39}},"21":{"start":{"line":22,"column":0},"end":{"line":22,"column":28}},"22":{"start":{"line":23,"column":0},"end":{"line":23,"column":2}},"23":{"start":{"line":24,"column":0},"end":{"line":24,"column":1}}},"s":{"0":1,"1":1,"2":1,"3":1,"4":1,"5":1,"6":26,"7":26,"8":26,"9":26,"10":26,"11":26,"12":26,"13":26,"14":26,"15":1,"16":1,"17":2,"18":2,"19":1,"20":1,"21":1,"22":1,"23":1},"branchMap":{"0":{"type":"branch","line":6,"loc":{"start":{"line":6,"column":1},"end":{"line":15,"column":2}},"locations":[{"start":{"line":6,"column":1},"end":{"line":15,"column":2}}]},"1":{"type":"branch","line":17,"loc":{"start":{"line":17,"column":8},"end":{"line":19,"column":2}},"locations":[{"start":{"line":17,"column":8},"end":{"line":19,"column":2}}]},"2":{"type":"branch","line":21,"loc":{"start":{"line":21,"column":8},"end":{"line":23,"column":2}},"locations":[{"start":{"line":21,"column":8},"end":{"line":23,"column":2}}]}},"b":{"0":[26],"1":[2],"2":[1]},"fnMap":{"0":{"name":"Lecturer","decl":{"start":{"line":6,"column":1},"end":{"line":15,"column":2}},"loc":{"start":{"line":6,"column":1},"end":{"line":15,"column":2}},"line":6},"1":{"name":"GetStartDate","decl":{"start":{"line":17,"column":8},"end":{"line":19,"column":2}},"loc":{"start":{"line":17,"column":8},"end":{"line":19,"column":2}},"line":17},"2":{"name":"SetStartDate","decl":{"start":{"line":21,"column":8},"end":{"line":23,"column":2}},"loc":{"start":{"line":21,"column":8},"end":{"line":23,"column":2}},"line":21}},"f":{"0":26,"1":2,"2":1}}
,"C:\\Users\\LENOVO\\Documents\\GitHub\\clean-code-final-assignment\\src\\models\\Person.ts": {"path":"C:\\Users\\LENOVO\\Documents\\GitHub\\clean-code-final-assignment\\src\\models\\Person.ts","all":false,"statementMap":{"0":{"start":{"line":1,"column":0},"end":{"line":1,"column":21}},"1":{"start":{"line":2,"column":0},"end":{"line":2,"column":13}},"2":{"start":{"line":3,"column":0},"end":{"line":3,"column":21}},"3":{"start":{"line":4,"column":0},"end":{"line":4,"column":23}},"4":{"start":{"line":5,"column":0},"end":{"line":5,"column":26}},"5":{"start":{"line":6,"column":0},"end":{"line":6,"column":25}},"6":{"start":{"line":7,"column":0},"end":{"line":7,"column":31}},"7":{"start":{"line":8,"column":0},"end":{"line":8,"column":29}},"8":{"start":{"line":9,"column":0},"end":{"line":9,"column":5}},"9":{"start":{"line":10,"column":0},"end":{"line":10,"column":0}},"10":{"start":{"line":11,"column":0},"end":{"line":11,"column":17}},"11":{"start":{"line":12,"column":0},"end":{"line":12,"column":16}},"12":{"start":{"line":13,"column":0},"end":{"line":13,"column":2}},"13":{"start":{"line":14,"column":0},"end":{"line":14,"column":0}},"14":{"start":{"line":15,"column":0},"end":{"line":15,"column":19}},"15":{"start":{"line":16,"column":0},"end":{"line":16,"column":18}},"16":{"start":{"line":17,"column":0},"end":{"line":17,"column":2}},"17":{"start":{"line":18,"column":0},"end":{"line":18,"column":0}},"18":{"start":{"line":19,"column":0},"end":{"line":19,"column":24}},"19":{"start":{"line":20,"column":0},"end":{"line":20,"column":23}},"20":{"start":{"line":21,"column":0},"end":{"line":21,"column":2}},"21":{"start":{"line":22,"column":0},"end":{"line":22,"column":0}},"22":{"start":{"line":23,"column":0},"end":{"line":23,"column":21}},"23":{"start":{"line":24,"column":0},"end":{"line":24,"column":20}},"24":{"start":{"line":25,"column":0},"end":{"line":25,"column":2}},"25":{"start":{"line":26,"column":0},"end":{"line":26,"column":0}},"26":{"start":{"line":27,"column":0},"end":{"line":27,"column":27}},"27":{"start":{"line":28,"column":0},"end":{"line":28,"column":26}},"28":{"start":{"line":29,"column":0},"end":{"line":29,"column":2}},"29":{"start":{"line":30,"column":0},"end":{"line":30,"column":0}},"30":{"start":{"line":31,"column":0},"end":{"line":31,"column":26}},"31":{"start":{"line":32,"column":0},"end":{"line":32,"column":25}},"32":{"start":{"line":33,"column":0},"end":{"line":33,"column":2}},"33":{"start":{"line":34,"column":0},"end":{"line":34,"column":0}},"34":{"start":{"line":35,"column":0},"end":{"line":35,"column":27}},"35":{"start":{"line":36,"column":0},"end":{"line":36,"column":14}},"36":{"start":{"line":37,"column":0},"end":{"line":37,"column":2}},"37":{"start":{"line":38,"column":0},"end":{"line":38,"column":0}},"38":{"start":{"line":39,"column":0},"end":{"line":39,"column":31}},"39":{"start":{"line":40,"column":0},"end":{"line":40,"column":18}},"40":{"start":{"line":41,"column":0},"end":{"line":41,"column":2}},"41":{"start":{"line":42,"column":0},"end":{"line":42,"column":0}},"42":{"start":{"line":43,"column":0},"end":{"line":43,"column":39}},"43":{"start":{"line":44,"column":0},"end":{"line":44,"column":28}},"44":{"start":{"line":45,"column":0},"end":{"line":45,"column":2}},"45":{"start":{"line":46,"column":0},"end":{"line":46,"column":0}},"46":{"start":{"line":47,"column":0},"end":{"line":47,"column":35}},"47":{"start":{"line":48,"column":0},"end":{"line":48,"column":22}},"48":{"start":{"line":49,"column":0},"end":{"line":49,"column":2}},"49":{"start":{"line":50,"column":0},"end":{"line":50,"column":0}},"50":{"start":{"line":51,"column":0},"end":{"line":51,"column":47}},"51":{"start":{"line":52,"column":0},"end":{"line":52,"column":34}},"52":{"start":{"line":53,"column":0},"end":{"line":53,"column":2}},"53":{"start":{"line":54,"column":0},"end":{"line":54,"column":0}},"54":{"start":{"line":55,"column":0},"end":{"line":55,"column":45}},"55":{"start":{"line":56,"column":0},"end":{"line":56,"column":32}},"56":{"start":{"line":57,"column":0},"end":{"line":57,"column":2}},"57":{"start":{"line":58,"column":0},"end":{"line":58,"column":1}}},"s":{"0":1,"1":1,"2":72,"3":72,"4":72,"5":72,"6":72,"7":72,"8":72,"9":1,"10":1,"11":26,"12":26,"13":1,"14":1,"15":6,"16":6,"17":1,"18":1,"19":6,"20":6,"21":1,"22":1,"23":6,"24":6,"25":1,"26":1,"27":10,"28":10,"29":1,"30":1,"31":10,"32":10,"33":1,"34":1,"35":3,"36":3,"37":1,"38":1,"39":3,"40":3,"41":1,"42":1,"43":3,"44":3,"45":1,"46":1,"47":3,"48":3,"49":1,"50":1,"51":3,"52":3,"53":1,"54":1,"55":3,"56":3,"57":1},"branchMap":{"0":{"type":"branch","line":2,"loc":{"start":{"line":2,"column":1},"end":{"line":9,"column":5}},"locations":[{"start":{"line":2,"column":1},"end":{"line":9,"column":5}}]},"1":{"type":"branch","line":11,"loc":{"start":{"line":11,"column":8},"end":{"line":13,"column":2}},"locations":[{"start":{"line":11,"column":8},"end":{"line":13,"column":2}}]},"2":{"type":"branch","line":15,"loc":{"start":{"line":15,"column":8},"end":{"line":17,"column":2}},"locations":[{"start":{"line":15,"column":8},"end":{"line":17,"column":2}}]},"3":{"type":"branch","line":19,"loc":{"start":{"line":19,"column":8},"end":{"line":21,"column":2}},"locations":[{"start":{"line":19,"column":8},"end":{"line":21,"column":2}}]},"4":{"type":"branch","line":23,"loc":{"start":{"line":23,"column":8},"end":{"line":25,"column":2}},"locations":[{"start":{"line":23,"column":8},"end":{"line":25,"column":2}}]},"5":{"type":"branch","line":27,"loc":{"start":{"line":27,"column":8},"end":{"line":29,"column":2}},"locations":[{"start":{"line":27,"column":8},"end":{"line":29,"column":2}}]},"6":{"type":"branch","line":31,"loc":{"start":{"line":31,"column":8},"end":{"line":33,"column":2}},"locations":[{"start":{"line":31,"column":8},"end":{"line":33,"column":2}}]},"7":{"type":"branch","line":35,"loc":{"start":{"line":35,"column":8},"end":{"line":37,"column":2}},"locations":[{"start":{"line":35,"column":8},"end":{"line":37,"column":2}}]},"8":{"type":"branch","line":39,"loc":{"start":{"line":39,"column":8},"end":{"line":41,"column":2}},"locations":[{"start":{"line":39,"column":8},"end":{"line":41,"column":2}}]},"9":{"type":"branch","line":43,"loc":{"start":{"line":43,"column":8},"end":{"line":45,"column":2}},"locations":[{"start":{"line":43,"column":8},"end":{"line":45,"column":2}}]},"10":{"type":"branch","line":47,"loc":{"start":{"line":47,"column":8},"end":{"line":49,"column":2}},"locations":[{"start":{"line":47,"column":8},"end":{"line":49,"column":2}}]},"11":{"type":"branch","line":51,"loc":{"start":{"line":51,"column":8},"end":{"line":53,"column":2}},"locations":[{"start":{"line":51,"column":8},"end":{"line":53,"column":2}}]},"12":{"type":"branch","line":55,"loc":{"start":{"line":55,"column":8},"end":{"line":57,"column":2}},"locations":[{"start":{"line":55,"column":8},"end":{"line":57,"column":2}}]}},"b":{"0":[72],"1":[26],"2":[6],"3":[6],"4":[6],"5":[10],"6":[10],"7":[3],"8":[3],"9":[3],"10":[3],"11":[3],"12":[3]},"fnMap":{"0":{"name":"Person","decl":{"start":{"line":2,"column":1},"end":{"line":9,"column":5}},"loc":{"start":{"line":2,"column":1},"end":{"line":9,"column":5}},"line":2},"1":{"name":"GetId","decl":{"start":{"line":11,"column":8},"end":{"line":13,"column":2}},"loc":{"start":{"line":11,"column":8},"end":{"line":13,"column":2}},"line":11},"2":{"name":"GetName","decl":{"start":{"line":15,"column":8},"end":{"line":17,"column":2}},"loc":{"start":{"line":15,"column":8},"end":{"line":17,"column":2}},"line":15},"3":{"name":"GetBirthDate","decl":{"start":{"line":19,"column":8},"end":{"line":21,"column":2}},"loc":{"start":{"line":19,"column":8},"end":{"line":21,"column":2}},"line":19},"4":{"name":"GetGender","decl":{"start":{"line":23,"column":8},"end":{"line":25,"column":2}},"loc":{"start":{"line":23,"column":8},"end":{"line":25,"column":2}},"line":23},"5":{"name":"GetEmailAddress","decl":{"start":{"line":27,"column":8},"end":{"line":29,"column":2}},"loc":{"start":{"line":27,"column":8},"end":{"line":29,"column":2}},"line":27},"6":{"name":"GetPhoneNumber","decl":{"start":{"line":31,"column":8},"end":{"line":33,"column":2}},"loc":{"start":{"line":31,"column":8},"end":{"line":33,"column":2}},"line":31},"7":{"name":"SetId","decl":{"start":{"line":35,"column":8},"end":{"line":37,"column":2}},"loc":{"start":{"line":35,"column":8},"end":{"line":37,"column":2}},"line":35},"8":{"name":"SetName","decl":{"start":{"line":39,"column":8},"end":{"line":41,"column":2}},"loc":{"start":{"line":39,"column":8},"end":{"line":41,"column":2}},"line":39},"9":{"name":"SetBirthDate","decl":{"start":{"line":43,"column":8},"end":{"line":45,"column":2}},"loc":{"start":{"line":43,"column":8},"end":{"line":45,"column":2}},"line":43},"10":{"name":"SetGender","decl":{"start":{"line":47,"column":8},"end":{"line":49,"column":2}},"loc":{"start":{"line":47,"column":8},"end":{"line":49,"column":2}},"line":47},"11":{"name":"SetEmailAddress","decl":{"start":{"line":51,"column":8},"end":{"line":53,"column":2}},"loc":{"start":{"line":51,"column":8},"end":{"line":53,"column":2}},"line":51},"12":{"name":"SetPhoneNumber","decl":{"start":{"line":55,"column":8},"end":{"line":57,"column":2}},"loc":{"start":{"line":55,"column":8},"end":{"line":57,"column":2}},"line":55}},"f":{"0":72,"1":26,"2":6,"3":6,"4":6,"5":10,"6":10,"7":3,"8":3,"9":3,"10":3,"11":3,"12":3}}
,"C:\\Users\\LENOVO\\Documents\\GitHub\\clean-code-final-assignment\\src\\models\\Student.ts": {"path":"C:\\Users\\LENOVO\\Documents\\GitHub\\clean-code-final-assignment\\src\\models\\Student.ts","all":false,"statementMap":{"0":{"start":{"line":1,"column":0},"end":{"line":1,"column":36}},"1":{"start":{"line":2,"column":0},"end":{"line":2,"column":0}},"2":{"start":{"line":3,"column":0},"end":{"line":3,"column":37}},"3":{"start":{"line":4,"column":0},"end":{"line":4,"column":38}},"4":{"start":{"line":5,"column":0},"end":{"line":5,"column":0}},"5":{"start":{"line":6,"column":0},"end":{"line":6,"column":13}},"6":{"start":{"line":7,"column":0},"end":{"line":7,"column":13}},"7":{"start":{"line":8,"column":0},"end":{"line":8,"column":15}},"8":{"start":{"line":9,"column":0},"end":{"line":9,"column":18}},"9":{"start":{"line":10,"column":0},"end":{"line":10,"column":17}},"10":{"start":{"line":11,"column":0},"end":{"line":11,"column":23}},"11":{"start":{"line":12,"column":0},"end":{"line":12,"column":21}},"12":{"start":{"line":13,"column":0},"end":{"line":13,"column":4}},"13":{"start":{"line":14,"column":0},"end":{"line":14,"column":63}},"14":{"start":{"line":15,"column":0},"end":{"line":15,"column":2}},"15":{"start":{"line":16,"column":0},"end":{"line":16,"column":0}},"16":{"start":{"line":17,"column":0},"end":{"line":17,"column":31}},"17":{"start":{"line":18,"column":0},"end":{"line":18,"column":30}},"18":{"start":{"line":19,"column":0},"end":{"line":19,"column":2}},"19":{"start":{"line":20,"column":0},"end":{"line":20,"column":0}},"20":{"start":{"line":21,"column":0},"end":{"line":21,"column":53}},"21":{"start":{"line":22,"column":0},"end":{"line":22,"column":42}},"22":{"start":{"line":23,"column":0},"end":{"line":23,"column":2}},"23":{"start":{"line":24,"column":0},"end":{"line":24,"column":1}}},"s":{"0":1,"1":1,"2":1,"3":1,"4":1,"5":1,"6":29,"7":29,"8":29,"9":29,"10":29,"11":29,"12":29,"13":29,"14":29,"15":1,"16":1,"17":2,"18":2,"19":1,"20":1,"21":1,"22":1,"23":1},"branchMap":{"0":{"type":"branch","line":6,"loc":{"start":{"line":6,"column":1},"end":{"line":15,"column":2}},"locations":[{"start":{"line":6,"column":1},"end":{"line":15,"column":2}}]},"1":{"type":"branch","line":17,"loc":{"start":{"line":17,"column":8},"end":{"line":19,"column":2}},"locations":[{"start":{"line":17,"column":8},"end":{"line":19,"column":2}}]},"2":{"type":"branch","line":21,"loc":{"start":{"line":21,"column":8},"end":{"line":23,"column":2}},"locations":[{"start":{"line":21,"column":8},"end":{"line":23,"column":2}}]}},"b":{"0":[29],"1":[2],"2":[1]},"fnMap":{"0":{"name":"Student","decl":{"start":{"line":6,"column":1},"end":{"line":15,"column":2}},"loc":{"start":{"line":6,"column":1},"end":{"line":15,"column":2}},"line":6},"1":{"name":"GetRegistrationDate","decl":{"start":{"line":17,"column":8},"end":{"line":19,"column":2}},"loc":{"start":{"line":17,"column":8},"end":{"line":19,"column":2}},"line":17},"2":{"name":"SetRegistrationDate","decl":{"start":{"line":21,"column":8},"end":{"line":23,"column":2}},"loc":{"start":{"line":21,"column":8},"end":{"line":23,"column":2}},"line":21}},"f":{"0":29,"1":2,"2":1}}
,"C:\\Users\\LENOVO\\Documents\\GitHub\\clean-code-final-assignment\\src\\repository\\CourseRepository.ts": {"path":"C:\\Users\\LENOVO\\Documents\\GitHub\\clean-code-final-assignment\\src\\repository\\CourseRepository.ts","all":false,"statementMap":{"0":{"start":{"line":1,"column":0},"end":{"line":1,"column":63}},"1":{"start":{"line":2,"column":0},"end":{"line":2,"column":82}},"2":{"start":{"line":3,"column":0},"end":{"line":3,"column":56}},"3":{"start":{"line":4,"column":0},"end":{"line":4,"column":58}},"4":{"start":{"line":5,"column":0},"end":{"line":5,"column":44}},"5":{"start":{"line":6,"column":0},"end":{"line":6,"column":64}},"6":{"start":{"line":7,"column":0},"end":{"line":7,"column":48}},"7":{"start":{"line":8,"column":0},"end":{"line":8,"column":46}},"8":{"start":{"line":9,"column":0},"end":{"line":9,"column":0}},"9":{"start":{"line":10,"column":0},"end":{"line":10,"column":60}},"10":{"start":{"line":11,"column":0},"end":{"line":11,"column":44}},"11":{"start":{"line":12,"column":0},"end":{"line":12,"column":0}},"12":{"start":{"line":13,"column":0},"end":{"line":13,"column":49}},"13":{"start":{"line":14,"column":0},"end":{"line":14,"column":7}},"14":{"start":{"line":15,"column":0},"end":{"line":15,"column":44}},"15":{"start":{"line":16,"column":0},"end":{"line":16,"column":61}},"16":{"start":{"line":17,"column":0},"end":{"line":17,"column":19}},"17":{"start":{"line":18,"column":0},"end":{"line":18,"column":76}},"18":{"start":{"line":19,"column":0},"end":{"line":19,"column":3}},"19":{"start":{"line":20,"column":0},"end":{"line":20,"column":2}},"20":{"start":{"line":21,"column":0},"end":{"line":21,"column":0}},"21":{"start":{"line":22,"column":0},"end":{"line":22,"column":78}},"22":{"start":{"line":23,"column":0},"end":{"line":23,"column":7}},"23":{"start":{"line":24,"column":0},"end":{"line":24,"column":64}},"24":{"start":{"line":25,"column":0},"end":{"line":25,"column":85}},"25":{"start":{"line":26,"column":0},"end":{"line":26,"column":19}},"26":{"start":{"line":27,"column":0},"end":{"line":27,"column":76}},"27":{"start":{"line":28,"column":0},"end":{"line":28,"column":3}},"28":{"start":{"line":29,"column":0},"end":{"line":29,"column":2}},"29":{"start":{"line":30,"column":0},"end":{"line":30,"column":0}},"30":{"start":{"line":31,"column":0},"end":{"line":31,"column":81}},"31":{"start":{"line":32,"column":0},"end":{"line":32,"column":7}},"32":{"start":{"line":33,"column":0},"end":{"line":33,"column":66}},"33":{"start":{"line":34,"column":0},"end":{"line":34,"column":87}},"34":{"start":{"line":35,"column":0},"end":{"line":35,"column":19}},"35":{"start":{"line":36,"column":0},"end":{"line":36,"column":76}},"36":{"start":{"line":37,"column":0},"end":{"line":37,"column":3}},"37":{"start":{"line":38,"column":0},"end":{"line":38,"column":2}},"38":{"start":{"line":39,"column":0},"end":{"line":39,"column":0}},"39":{"start":{"line":40,"column":0},"end":{"line":40,"column":63}},"40":{"start":{"line":41,"column":0},"end":{"line":41,"column":7}},"41":{"start":{"line":42,"column":0},"end":{"line":42,"column":53}},"42":{"start":{"line":43,"column":0},"end":{"line":43,"column":19}},"43":{"start":{"line":44,"column":0},"end":{"line":44,"column":40}},"44":{"start":{"line":45,"column":0},"end":{"line":45,"column":66}},"45":{"start":{"line":46,"column":0},"end":{"line":46,"column":4}},"46":{"start":{"line":47,"column":0},"end":{"line":47,"column":76}},"47":{"start":{"line":48,"column":0},"end":{"line":48,"column":3}},"48":{"start":{"line":49,"column":0},"end":{"line":49,"column":2}},"49":{"start":{"line":50,"column":0},"end":{"line":50,"column":0}},"50":{"start":{"line":51,"column":0},"end":{"line":51,"column":40}},"51":{"start":{"line":52,"column":0},"end":{"line":52,"column":7}},"52":{"start":{"line":53,"column":0},"end":{"line":53,"column":48}},"53":{"start":{"line":54,"column":0},"end":{"line":54,"column":19}},"54":{"start":{"line":55,"column":0},"end":{"line":55,"column":76}},"55":{"start":{"line":56,"column":0},"end":{"line":56,"column":3}},"56":{"start":{"line":57,"column":0},"end":{"line":57,"column":2}},"57":{"start":{"line":58,"column":0},"end":{"line":58,"column":0}},"58":{"start":{"line":59,"column":0},"end":{"line":59,"column":85}},"59":{"start":{"line":60,"column":0},"end":{"line":60,"column":7}},"60":{"start":{"line":61,"column":0},"end":{"line":61,"column":75}},"61":{"start":{"line":62,"column":0},"end":{"line":62,"column":19}},"62":{"start":{"line":63,"column":0},"end":{"line":63,"column":76}},"63":{"start":{"line":64,"column":0},"end":{"line":64,"column":3}},"64":{"start":{"line":65,"column":0},"end":{"line":65,"column":2}},"65":{"start":{"line":66,"column":0},"end":{"line":66,"column":1}}},"s":{"0":1,"1":1,"2":1,"3":1,"4":1,"5":1,"6":1,"7":1,"8":1,"9":1,"10":1,"11":1,"12":1,"13":2,"14":2,"15":1,"16":1,"17":1,"18":1,"19":2,"20":1,"21":1,"22":2,"23":2,"24":1,"25":1,"26":1,"27":1,"28":2,"29":1,"30":1,"31":2,"32":2,"33":1,"34":1,"35":1,"36":1,"37":2,"38":1,"39":1,"40":3,"41":3,"42":3,"43":2,"44":1,"45":1,"46":1,"47":1,"48":3,"49":1,"50":1,"51":2,"52":2,"53":2,"54":1,"55":1,"56":2,"57":1,"58":1,"59":2,"60":2,"61":2,"62":1,"63":1,"64":2,"65":1},"branchMap":{"0":{"type":"branch","line":11,"loc":{"start":{"line":11,"column":1},"end":{"line":11,"column":44}},"locations":[{"start":{"line":11,"column":1},"end":{"line":11,"column":44}}]},"1":{"type":"branch","line":13,"loc":{"start":{"line":13,"column":7},"end":{"line":20,"column":2}},"locations":[{"start":{"line":13,"column":7},"end":{"line":20,"column":2}}]},"2":{"type":"branch","line":16,"loc":{"start":{"line":16,"column":-2},"end":{"line":19,"column":3}},"locations":[{"start":{"line":16,"column":-2},"end":{"line":19,"column":3}}]},"3":{"type":"branch","line":22,"loc":{"start":{"line":22,"column":7},"end":{"line":29,"column":2}},"locations":[{"start":{"line":22,"column":7},"end":{"line":29,"column":2}}]},"4":{"type":"branch","line":25,"loc":{"start":{"line":25,"column":-2},"end":{"line":28,"column":3}},"locations":[{"start":{"line":25,"column":-2},"end":{"line":28,"column":3}}]},"5":{"type":"branch","line":31,"loc":{"start":{"line":31,"column":7},"end":{"line":38,"column":2}},"locations":[{"start":{"line":31,"column":7},"end":{"line":38,"column":2}}]},"6":{"type":"branch","line":34,"loc":{"start":{"line":34,"column":-2},"end":{"line":37,"column":3}},"locations":[{"start":{"line":34,"column":-2},"end":{"line":37,"column":3}}]},"7":{"type":"branch","line":40,"loc":{"start":{"line":40,"column":7},"end":{"line":49,"column":2}},"locations":[{"start":{"line":40,"column":7},"end":{"line":49,"column":2}}]},"8":{"type":"branch","line":43,"loc":{"start":{"line":43,"column":4},"end":{"line":48,"column":3}},"locations":[{"start":{"line":43,"column":4},"end":{"line":48,"column":3}}]},"9":{"type":"branch","line":44,"loc":{"start":{"line":44,"column":39},"end":{"line":48,"column":3}},"locations":[{"start":{"line":44,"column":39},"end":{"line":48,"column":3}}]},"10":{"type":"branch","line":51,"loc":{"start":{"line":51,"column":7},"end":{"line":57,"column":2}},"locations":[{"start":{"line":51,"column":7},"end":{"line":57,"column":2}}]},"11":{"type":"branch","line":54,"loc":{"start":{"line":54,"column":4},"end":{"line":56,"column":3}},"locations":[{"start":{"line":54,"column":4},"end":{"line":56,"column":3}}]},"12":{"type":"branch","line":59,"loc":{"start":{"line":59,"column":7},"end":{"line":65,"column":2}},"locations":[{"start":{"line":59,"column":7},"end":{"line":65,"column":2}}]},"13":{"type":"branch","line":62,"loc":{"start":{"line":62,"column":4},"end":{"line":64,"column":3}},"locations":[{"start":{"line":62,"column":4},"end":{"line":64,"column":3}}]}},"b":{"0":[13],"1":[2],"2":[1],"3":[2],"4":[1],"5":[2],"6":[1],"7":[3],"8":[2],"9":[1],"10":[2],"11":[1],"12":[2],"13":[1]},"fnMap":{"0":{"name":"CourseRepository","decl":{"start":{"line":11,"column":1},"end":{"line":11,"column":44}},"loc":{"start":{"line":11,"column":1},"end":{"line":11,"column":44}},"line":11},"1":{"name":"AddCourse","decl":{"start":{"line":13,"column":7},"end":{"line":20,"column":2}},"loc":{"start":{"line":13,"column":7},"end":{"line":20,"column":2}},"line":13},"2":{"name":"AddStudentToCourse","decl":{"start":{"line":22,"column":7},"end":{"line":29,"column":2}},"loc":{"start":{"line":22,"column":7},"end":{"line":29,"column":2}},"line":22},"3":{"name":"AddLecturerToCourse","decl":{"start":{"line":31,"column":7},"end":{"line":38,"column":2}},"loc":{"start":{"line":31,"column":7},"end":{"line":38,"column":2}},"line":31},"4":{"name":"GetCourseById","decl":{"start":{"line":40,"column":7},"end":{"line":49,"column":2}},"loc":{"start":{"line":40,"column":7},"end":{"line":49,"column":2}},"line":40},"5":{"name":"GetCourses","decl":{"start":{"line":51,"column":7},"end":{"line":57,"column":2}},"loc":{"start":{"line":51,"column":7},"end":{"line":57,"column":2}},"line":51},"6":{"name":"GetCourseStatisticsByCourseId","decl":{"start":{"line":59,"column":7},"end":{"line":65,"column":2}},"loc":{"start":{"line":59,"column":7},"end":{"line":65,"column":2}},"line":59}},"f":{"0":13,"1":2,"2":2,"3":2,"4":3,"5":2,"6":2}}
,"C:\\Users\\LENOVO\\Documents\\GitHub\\clean-code-final-assignment\\src\\repository\\CourseStatisticsRepository.ts": {"path":"C:\\Users\\LENOVO\\Documents\\GitHub\\clean-code-final-assignment\\src\\repository\\CourseStatisticsRepository.ts","all":false,"statementMap":{"0":{"start":{"line":1,"column":0},"end":{"line":1,"column":63}},"1":{"start":{"line":2,"column":0},"end":{"line":2,"column":102}},"2":{"start":{"line":3,"column":0},"end":{"line":3,"column":56}},"3":{"start":{"line":4,"column":0},"end":{"line":4,"column":58}},"4":{"start":{"line":5,"column":0},"end":{"line":5,"column":64}},"5":{"start":{"line":6,"column":0},"end":{"line":6,"column":0}},"6":{"start":{"line":7,"column":0},"end":{"line":7,"column":80}},"7":{"start":{"line":8,"column":0},"end":{"line":8,"column":44}},"8":{"start":{"line":9,"column":0},"end":{"line":9,"column":0}},"9":{"start":{"line":10,"column":0},"end":{"line":10,"column":79}},"10":{"start":{"line":11,"column":0},"end":{"line":11,"column":7}},"11":{"start":{"line":12,"column":0},"end":{"line":12,"column":64}},"12":{"start":{"line":13,"column":0},"end":{"line":13,"column":82}},"13":{"start":{"line":14,"column":0},"end":{"line":14,"column":19}},"14":{"start":{"line":15,"column":0},"end":{"line":15,"column":76}},"15":{"start":{"line":16,"column":0},"end":{"line":16,"column":3}},"16":{"start":{"line":17,"column":0},"end":{"line":17,"column":2}},"17":{"start":{"line":18,"column":0},"end":{"line":18,"column":0}},"18":{"start":{"line":19,"column":0},"end":{"line":19,"column":83}},"19":{"start":{"line":20,"column":0},"end":{"line":20,"column":7}},"20":{"start":{"line":21,"column":0},"end":{"line":21,"column":63}},"21":{"start":{"line":22,"column":0},"end":{"line":22,"column":19}},"22":{"start":{"line":23,"column":0},"end":{"line":23,"column":40}},"23":{"start":{"line":24,"column":0},"end":{"line":24,"column":77}},"24":{"start":{"line":25,"column":0},"end":{"line":25,"column":4}},"25":{"start":{"line":26,"column":0},"end":{"line":26,"column":76}},"26":{"start":{"line":27,"column":0},"end":{"line":27,"column":3}},"27":{"start":{"line":28,"column":0},"end":{"line":28,"column":2}},"28":{"start":{"line":29,"column":0},"end":{"line":29,"column":0}},"29":{"start":{"line":30,"column":0},"end":{"line":30,"column":59}},"30":{"start":{"line":31,"column":0},"end":{"line":31,"column":7}},"31":{"start":{"line":32,"column":0},"end":{"line":32,"column":57}},"32":{"start":{"line":33,"column":0},"end":{"line":33,"column":19}},"33":{"start":{"line":34,"column":0},"end":{"line":34,"column":76}},"34":{"start":{"line":35,"column":0},"end":{"line":35,"column":3}},"35":{"start":{"line":36,"column":0},"end":{"line":36,"column":2}},"36":{"start":{"line":37,"column":0},"end":{"line":37,"column":1}}},"s":{"0":1,"1":1,"2":1,"3":1,"4":1,"5":1,"6":1,"7":1,"8":1,"9":1,"10":2,"11":2,"12":1,"13":1,"14":1,"15":1,"16":2,"17":1,"18":1,"19":3,"20":3,"21":3,"22":2,"23":1,"24":1,"25":1,"26":1,"27":3,"28":1,"29":1,"30":2,"31":2,"32":2,"33":1,"34":1,"35":2,"36":1},"branchMap":{"0":{"type":"branch","line":8,"loc":{"start":{"line":8,"column":1},"end":{"line":8,"column":44}},"locations":[{"start":{"line":8,"column":1},"end":{"line":8,"column":44}}]},"1":{"type":"branch","line":10,"loc":{"start":{"line":10,"column":7},"end":{"line":17,"column":2}},"locations":[{"start":{"line":10,"column":7},"end":{"line":17,"column":2}}]},"2":{"type":"branch","line":13,"loc":{"start":{"line":13,"column":-2},"end":{"line":16,"column":3}},"locations":[{"start":{"line":13,"column":-2},"end":{"line":16,"column":3}}]},"3":{"type":"branch","line":19,"loc":{"start":{"line":19,"column":7},"end":{"line":28,"column":2}},"locations":[{"start":{"line":19,"column":7},"end":{"line":28,"column":2}}]},"4":{"type":"branch","line":22,"loc":{"start":{"line":22,"column":4},"end":{"line":27,"column":3}},"locations":[{"start":{"line":22,"column":4},"end":{"line":27,"column":3}}]},"5":{"type":"branch","line":23,"loc":{"start":{"line":23,"column":39},"end":{"line":27,"column":3}},"locations":[{"start":{"line":23,"column":39},"end":{"line":27,"column":3}}]},"6":{"type":"branch","line":30,"loc":{"start":{"line":30,"column":7},"end":{"line":36,"column":2}},"locations":[{"start":{"line":30,"column":7},"end":{"line":36,"column":2}}]},"7":{"type":"branch","line":33,"loc":{"start":{"line":33,"column":4},"end":{"line":35,"column":3}},"locations":[{"start":{"line":33,"column":4},"end":{"line":35,"column":3}}]}},"b":{"0":[7],"1":[2],"2":[1],"3":[3],"4":[2],"5":[1],"6":[2],"7":[1]},"fnMap":{"0":{"name":"CourseStatisticsRepository","decl":{"start":{"line":8,"column":1},"end":{"line":8,"column":44}},"loc":{"start":{"line":8,"column":1},"end":{"line":8,"column":44}},"line":8},"1":{"name":"AddCourseStatistics","decl":{"start":{"line":10,"column":7},"end":{"line":17,"column":2}},"loc":{"start":{"line":10,"column":7},"end":{"line":17,"column":2}},"line":10},"2":{"name":"GetCourseStatisticsById","decl":{"start":{"line":19,"column":7},"end":{"line":28,"column":2}},"loc":{"start":{"line":19,"column":7},"end":{"line":28,"column":2}},"line":19},"3":{"name":"GetCourseStatistics","decl":{"start":{"line":30,"column":7},"end":{"line":36,"column":2}},"loc":{"start":{"line":30,"column":7},"end":{"line":36,"column":2}},"line":30}},"f":{"0":7,"1":2,"2":3,"3":2}}
,"C:\\Users\\LENOVO\\Documents\\GitHub\\clean-code-final-assignment\\src\\repository\\LecturerRepository.ts": {"path":"C:\\Users\\LENOVO\\Documents\\GitHub\\clean-code-final-assignment\\src\\repository\\LecturerRepository.ts","all":false,"statementMap":{"0":{"start":{"line":1,"column":0},"end":{"line":1,"column":63}},"1":{"start":{"line":2,"column":0},"end":{"line":2,"column":86}},"2":{"start":{"line":3,"column":0},"end":{"line":3,"column":56}},"3":{"start":{"line":4,"column":0},"end":{"line":4,"column":58}},"4":{"start":{"line":5,"column":0},"end":{"line":5,"column":48}},"5":{"start":{"line":6,"column":0},"end":{"line":6,"column":0}},"6":{"start":{"line":7,"column":0},"end":{"line":7,"column":64}},"7":{"start":{"line":8,"column":0},"end":{"line":8,"column":44}},"8":{"start":{"line":9,"column":0},"end":{"line":9,"column":0}},"9":{"start":{"line":10,"column":0},"end":{"line":10,"column":55}},"10":{"start":{"line":11,"column":0},"end":{"line":11,"column":7}},"11":{"start":{"line":12,"column":0},"end":{"line":12,"column":48}},"12":{"start":{"line":13,"column":0},"end":{"line":13,"column":65}},"13":{"start":{"line":14,"column":0},"end":{"line":14,"column":19}},"14":{"start":{"line":15,"column":0},"end":{"line":15,"column":76}},"15":{"start":{"line":16,"column":0},"end":{"line":16,"column":3}},"16":{"start":{"line":17,"column":0},"end":{"line":17,"column":2}},"17":{"start":{"line":18,"column":0},"end":{"line":18,"column":0}},"18":{"start":{"line":19,"column":0},"end":{"line":19,"column":67}},"19":{"start":{"line":20,"column":0},"end":{"line":20,"column":7}},"20":{"start":{"line":21,"column":0},"end":{"line":21,"column":55}},"21":{"start":{"line":22,"column":0},"end":{"line":22,"column":19}},"22":{"start":{"line":23,"column":0},"end":{"line":23,"column":40}},"23":{"start":{"line":24,"column":0},"end":{"line":24,"column":68}},"24":{"start":{"line":25,"column":0},"end":{"line":25,"column":4}},"25":{"start":{"line":26,"column":0},"end":{"line":26,"column":76}},"26":{"start":{"line":27,"column":0},"end":{"line":27,"column":3}},"27":{"start":{"line":28,"column":0},"end":{"line":28,"column":2}},"28":{"start":{"line":29,"column":0},"end":{"line":29,"column":0}},"29":{"start":{"line":30,"column":0},"end":{"line":30,"column":44}},"30":{"start":{"line":31,"column":0},"end":{"line":31,"column":7}},"31":{"start":{"line":32,"column":0},"end":{"line":32,"column":50}},"32":{"start":{"line":33,"column":0},"end":{"line":33,"column":19}},"33":{"start":{"line":34,"column":0},"end":{"line":34,"column":76}},"34":{"start":{"line":35,"column":0},"end":{"line":35,"column":3}},"35":{"start":{"line":36,"column":0},"end":{"line":36,"column":2}},"36":{"start":{"line":37,"column":0},"end":{"line":37,"column":1}}},"s":{"0":1,"1":1,"2":1,"3":1,"4":1,"5":1,"6":1,"7":1,"8":1,"9":1,"10":2,"11":2,"12":1,"13":1,"14":1,"15":1,"16":2,"17":1,"18":1,"19":3,"20":3,"21":3,"22":2,"23":1,"24":1,"25":1,"26":1,"27":3,"28":1,"29":1,"30":2,"31":2,"32":2,"33":1,"34":1,"35":2,"36":1},"branchMap":{"0":{"type":"branch","line":8,"loc":{"start":{"line":8,"column":1},"end":{"line":8,"column":44}},"locations":[{"start":{"line":8,"column":1},"end":{"line":8,"column":44}}]},"1":{"type":"branch","line":10,"loc":{"start":{"line":10,"column":7},"end":{"line":17,"column":2}},"locations":[{"start":{"line":10,"column":7},"end":{"line":17,"column":2}}]},"2":{"type":"branch","line":13,"loc":{"start":{"line":13,"column":-2},"end":{"line":16,"column":3}},"locations":[{"start":{"line":13,"column":-2},"end":{"line":16,"column":3}}]},"3":{"type":"branch","line":19,"loc":{"start":{"line":19,"column":7},"end":{"line":28,"column":2}},"locations":[{"start":{"line":19,"column":7},"end":{"line":28,"column":2}}]},"4":{"type":"branch","line":22,"loc":{"start":{"line":22,"column":4},"end":{"line":27,"column":3}},"locations":[{"start":{"line":22,"column":4},"end":{"line":27,"column":3}}]},"5":{"type":"branch","line":23,"loc":{"start":{"line":23,"column":39},"end":{"line":27,"column":3}},"locations":[{"start":{"line":23,"column":39},"end":{"line":27,"column":3}}]},"6":{"type":"branch","line":30,"loc":{"start":{"line":30,"column":7},"end":{"line":36,"column":2}},"locations":[{"start":{"line":30,"column":7},"end":{"line":36,"column":2}}]},"7":{"type":"branch","line":33,"loc":{"start":{"line":33,"column":4},"end":{"line":35,"column":3}},"locations":[{"start":{"line":33,"column":4},"end":{"line":35,"column":3}}]}},"b":{"0":[7],"1":[2],"2":[1],"3":[3],"4":[2],"5":[1],"6":[2],"7":[1]},"fnMap":{"0":{"name":"LecturerRepository","decl":{"start":{"line":8,"column":1},"end":{"line":8,"column":44}},"loc":{"start":{"line":8,"column":1},"end":{"line":8,"column":44}},"line":8},"1":{"name":"AddLecturer","decl":{"start":{"line":10,"column":7},"end":{"line":17,"column":2}},"loc":{"start":{"line":10,"column":7},"end":{"line":17,"column":2}},"line":10},"2":{"name":"GetLecturerById","decl":{"start":{"line":19,"column":7},"end":{"line":28,"column":2}},"loc":{"start":{"line":19,"column":7},"end":{"line":28,"column":2}},"line":19},"3":{"name":"GetLecturers","decl":{"start":{"line":30,"column":7},"end":{"line":36,"column":2}},"loc":{"start":{"line":30,"column":7},"end":{"line":36,"column":2}},"line":30}},"f":{"0":7,"1":2,"2":3,"3":2}}
,"C:\\Users\\LENOVO\\Documents\\GitHub\\clean-code-final-assignment\\src\\repository\\StudentRepository.ts": {"path":"C:\\Users\\LENOVO\\Documents\\GitHub\\clean-code-final-assignment\\src\\repository\\StudentRepository.ts","all":false,"statementMap":{"0":{"start":{"line":1,"column":0},"end":{"line":1,"column":63}},"1":{"start":{"line":2,"column":0},"end":{"line":2,"column":84}},"2":{"start":{"line":3,"column":0},"end":{"line":3,"column":56}},"3":{"start":{"line":4,"column":0},"end":{"line":4,"column":58}},"4":{"start":{"line":5,"column":0},"end":{"line":5,"column":64}},"5":{"start":{"line":6,"column":0},"end":{"line":6,"column":46}},"6":{"start":{"line":7,"column":0},"end":{"line":7,"column":0}},"7":{"start":{"line":8,"column":0},"end":{"line":8,"column":62}},"8":{"start":{"line":9,"column":0},"end":{"line":9,"column":44}},"9":{"start":{"line":10,"column":0},"end":{"line":10,"column":0}},"10":{"start":{"line":11,"column":0},"end":{"line":11,"column":52}},"11":{"start":{"line":12,"column":0},"end":{"line":12,"column":7}},"12":{"start":{"line":13,"column":0},"end":{"line":13,"column":46}},"13":{"start":{"line":14,"column":0},"end":{"line":14,"column":63}},"14":{"start":{"line":15,"column":0},"end":{"line":15,"column":19}},"15":{"start":{"line":16,"column":0},"end":{"line":16,"column":76}},"16":{"start":{"line":17,"column":0},"end":{"line":17,"column":3}},"17":{"start":{"line":18,"column":0},"end":{"line":18,"column":2}},"18":{"start":{"line":19,"column":0},"end":{"line":19,"column":0}},"19":{"start":{"line":20,"column":0},"end":{"line":20,"column":65}},"20":{"start":{"line":21,"column":0},"end":{"line":21,"column":7}},"21":{"start":{"line":22,"column":0},"end":{"line":22,"column":54}},"22":{"start":{"line":23,"column":0},"end":{"line":23,"column":19}},"23":{"start":{"line":24,"column":0},"end":{"line":24,"column":40}},"24":{"start":{"line":25,"column":0},"end":{"line":25,"column":67}},"25":{"start":{"line":26,"column":0},"end":{"line":26,"column":4}},"26":{"start":{"line":27,"column":0},"end":{"line":27,"column":76}},"27":{"start":{"line":28,"column":0},"end":{"line":28,"column":3}},"28":{"start":{"line":29,"column":0},"end":{"line":29,"column":2}},"29":{"start":{"line":30,"column":0},"end":{"line":30,"column":0}},"30":{"start":{"line":31,"column":0},"end":{"line":31,"column":42}},"31":{"start":{"line":32,"column":0},"end":{"line":32,"column":7}},"32":{"start":{"line":33,"column":0},"end":{"line":33,"column":49}},"33":{"start":{"line":34,"column":0},"end":{"line":34,"column":19}},"34":{"start":{"line":35,"column":0},"end":{"line":35,"column":76}},"35":{"start":{"line":36,"column":0},"end":{"line":36,"column":3}},"36":{"start":{"line":37,"column":0},"end":{"line":37,"column":2}},"37":{"start":{"line":38,"column":0},"end":{"line":38,"column":0}},"38":{"start":{"line":39,"column":0},"end":{"line":39,"column":87}},"39":{"start":{"line":40,"column":0},"end":{"line":40,"column":7}},"40":{"start":{"line":41,"column":0},"end":{"line":41,"column":77}},"41":{"start":{"line":42,"column":0},"end":{"line":42,"column":19}},"42":{"start":{"line":43,"column":0},"end":{"line":43,"column":76}},"43":{"start":{"line":44,"column":0},"end":{"line":44,"column":3}},"44":{"start":{"line":45,"column":0},"end":{"line":45,"column":2}},"45":{"start":{"line":46,"column":0},"end":{"line":46,"column":1}}},"s":{"0":1,"1":1,"2":1,"3":1,"4":1,"5":1,"6":1,"7":1,"8":1,"9":1,"10":1,"11":2,"12":2,"13":1,"14":1,"15":1,"16":1,"17":2,"18":1,"19":1,"20":3,"21":3,"22":3,"23":2,"24":1,"25":1,"26":1,"27":1,"28":3,"29":1,"30":1,"31":2,"32":2,"33":2,"34":1,"35":1,"36":2,"37":1,"38":1,"39":2,"40":2,"41":2,"42":1,"43":1,"44":2,"45":1},"branchMap":{"0":{"type":"branch","line":9,"loc":{"start":{"line":9,"column":1},"end":{"line":9,"column":44}},"locations":[{"start":{"line":9,"column":1},"end":{"line":9,"column":44}}]},"1":{"type":"branch","line":11,"loc":{"start":{"line":11,"column":7},"end":{"line":18,"column":2}},"locations":[{"start":{"line":11,"column":7},"end":{"line":18,"column":2}}]},"2":{"type":"branch","line":14,"loc":{"start":{"line":14,"column":-2},"end":{"line":17,"column":3}},"locations":[{"start":{"line":14,"column":-2},"end":{"line":17,"column":3}}]},"3":{"type":"branch","line":20,"loc":{"start":{"line":20,"column":7},"end":{"line":29,"column":2}},"locations":[{"start":{"line":20,"column":7},"end":{"line":29,"column":2}}]},"4":{"type":"branch","line":23,"loc":{"start":{"line":23,"column":4},"end":{"line":28,"column":3}},"locations":[{"start":{"line":23,"column":4},"end":{"line":28,"column":3}}]},"5":{"type":"branch","line":24,"loc":{"start":{"line":24,"column":39},"end":{"line":28,"column":3}},"locations":[{"start":{"line":24,"column":39},"end":{"line":28,"column":3}}]},"6":{"type":"branch","line":31,"loc":{"start":{"line":31,"column":7},"end":{"line":37,"column":2}},"locations":[{"start":{"line":31,"column":7},"end":{"line":37,"column":2}}]},"7":{"type":"branch","line":34,"loc":{"start":{"line":34,"column":4},"end":{"line":36,"column":3}},"locations":[{"start":{"line":34,"column":4},"end":{"line":36,"column":3}}]},"8":{"type":"branch","line":39,"loc":{"start":{"line":39,"column":7},"end":{"line":45,"column":2}},"locations":[{"start":{"line":39,"column":7},"end":{"line":45,"column":2}}]},"9":{"type":"branch","line":42,"loc":{"start":{"line":42,"column":4},"end":{"line":44,"column":3}},"locations":[{"start":{"line":42,"column":4},"end":{"line":44,"column":3}}]}},"b":{"0":[9],"1":[2],"2":[1],"3":[3],"4":[2],"5":[1],"6":[2],"7":[1],"8":[2],"9":[1]},"fnMap":{"0":{"name":"StudentRepository","decl":{"start":{"line":9,"column":1},"end":{"line":9,"column":44}},"loc":{"start":{"line":9,"column":1},"end":{"line":9,"column":44}},"line":9},"1":{"name":"AddStudent","decl":{"start":{"line":11,"column":7},"end":{"line":18,"column":2}},"loc":{"start":{"line":11,"column":7},"end":{"line":18,"column":2}},"line":11},"2":{"name":"GetStudentById","decl":{"start":{"line":20,"column":7},"end":{"line":29,"column":2}},"loc":{"start":{"line":20,"column":7},"end":{"line":29,"column":2}},"line":20},"3":{"name":"GetStudents","decl":{"start":{"line":31,"column":7},"end":{"line":37,"column":2}},"loc":{"start":{"line":31,"column":7},"end":{"line":37,"column":2}},"line":31},"4":{"name":"GetCourseStatisticsByStudentId","decl":{"start":{"line":39,"column":7},"end":{"line":45,"column":2}},"loc":{"start":{"line":39,"column":7},"end":{"line":45,"column":2}},"line":39}},"f":{"0":9,"1":2,"2":3,"3":2,"4":2}}
,"C:\\Users\\LENOVO\\Documents\\GitHub\\clean-code-final-assignment\\src\\services\\CourseService.ts": {"path":"C:\\Users\\LENOVO\\Documents\\GitHub\\clean-code-final-assignment\\src\\services\\CourseService.ts","all":false,"statementMap":{"0":{"start":{"line":1,"column":0},"end":{"line":1,"column":43}},"1":{"start":{"line":2,"column":0},"end":{"line":2,"column":79}},"2":{"start":{"line":3,"column":0},"end":{"line":3,"column":73}},"3":{"start":{"line":4,"column":0},"end":{"line":4,"column":83}},"4":{"start":{"line":5,"column":0},"end":{"line":5,"column":71}},"5":{"start":{"line":6,"column":0},"end":{"line":6,"column":0}},"6":{"start":{"line":7,"column":0},"end":{"line":7,"column":54}},"7":{"start":{"line":8,"column":0},"end":{"line":8,"column":13}},"8":{"start":{"line":9,"column":0},"end":{"line":9,"column":46}},"9":{"start":{"line":10,"column":0},"end":{"line":10,"column":42}},"10":{"start":{"line":11,"column":0},"end":{"line":11,"column":51}},"11":{"start":{"line":12,"column":0},"end":{"line":12,"column":5}},"12":{"start":{"line":13,"column":0},"end":{"line":13,"column":0}},"13":{"start":{"line":14,"column":0},"end":{"line":14,"column":74}},"14":{"start":{"line":15,"column":0},"end":{"line":15,"column":68}},"15":{"start":{"line":16,"column":0},"end":{"line":16,"column":16}},"16":{"start":{"line":17,"column":0},"end":{"line":17,"column":51}},"17":{"start":{"line":18,"column":0},"end":{"line":18,"column":3}},"18":{"start":{"line":19,"column":0},"end":{"line":19,"column":0}},"19":{"start":{"line":20,"column":0},"end":{"line":20,"column":73}},"20":{"start":{"line":21,"column":0},"end":{"line":21,"column":19}},"21":{"start":{"line":22,"column":0},"end":{"line":22,"column":11}},"22":{"start":{"line":23,"column":0},"end":{"line":23,"column":3}},"23":{"start":{"line":24,"column":0},"end":{"line":24,"column":0}},"24":{"start":{"line":25,"column":0},"end":{"line":25,"column":31}},"25":{"start":{"line":26,"column":0},"end":{"line":26,"column":19}},"26":{"start":{"line":27,"column":0},"end":{"line":27,"column":77}},"27":{"start":{"line":28,"column":0},"end":{"line":28,"column":4}},"28":{"start":{"line":29,"column":0},"end":{"line":29,"column":3}},"29":{"start":{"line":30,"column":0},"end":{"line":30,"column":0}},"30":{"start":{"line":31,"column":0},"end":{"line":31,"column":73}},"31":{"start":{"line":32,"column":0},"end":{"line":32,"column":0}},"32":{"start":{"line":33,"column":0},"end":{"line":33,"column":81}},"33":{"start":{"line":34,"column":0},"end":{"line":34,"column":68}},"34":{"start":{"line":35,"column":0},"end":{"line":35,"column":2}},"35":{"start":{"line":36,"column":0},"end":{"line":36,"column":1}}},"s":{"0":1,"1":1,"2":1,"3":1,"4":1,"5":1,"6":1,"7":1,"8":3,"9":3,"10":3,"11":3,"12":1,"13":1,"14":3,"15":3,"16":1,"17":1,"18":2,"19":2,"20":2,"21":2,"22":2,"23":2,"24":3,"25":1,"26":1,"27":1,"28":1,"29":1,"30":1,"31":1,"32":1,"33":1,"34":1,"35":1},"branchMap":{"0":{"type":"branch","line":8,"loc":{"start":{"line":8,"column":1},"end":{"line":12,"column":5}},"locations":[{"start":{"line":8,"column":1},"end":{"line":12,"column":5}}]},"1":{"type":"branch","line":14,"loc":{"start":{"line":14,"column":14},"end":{"line":35,"column":2}},"locations":[{"start":{"line":14,"column":14},"end":{"line":35,"column":2}}]},"2":{"type":"branch","line":16,"loc":{"start":{"line":16,"column":15},"end":{"line":18,"column":3}},"locations":[{"start":{"line":16,"column":15},"end":{"line":18,"column":3}}]},"3":{"type":"branch","line":19,"loc":{"start":{"line":19,"column":-2},"end":{"line":25,"column":30}},"locations":[{"start":{"line":19,"column":-2},"end":{"line":25,"column":30}}]},"4":{"type":"branch","line":25,"loc":{"start":{"line":25,"column":30},"end":{"line":35,"column":2}},"locations":[{"start":{"line":25,"column":30},"end":{"line":35,"column":2}}]}},"b":{"0":[3],"1":[3],"2":[1],"3":[2],"4":[1]},"fnMap":{"0":{"name":"CourseService","decl":{"start":{"line":8,"column":1},"end":{"line":12,"column":5}},"loc":{"start":{"line":8,"column":1},"end":{"line":12,"column":5}},"line":8},"1":{"name":"AddPaidStudentToCourse","decl":{"start":{"line":14,"column":14},"end":{"line":35,"column":2}},"loc":{"start":{"line":14,"column":14},"end":{"line":35,"column":2}},"line":14}},"f":{"0":3,"1":3}}
,"C:\\Users\\LENOVO\\Documents\\GitHub\\clean-code-final-assignment\\src\\services\\NotificationService.ts": {"path":"C:\\Users\\LENOVO\\Documents\\GitHub\\clean-code-final-assignment\\src\\services\\NotificationService.ts","all":false,"statementMap":{"0":{"start":{"line":1,"column":0},"end":{"line":1,"column":73}},"1":{"start":{"line":2,"column":0},"end":{"line":2,"column":86}},"2":{"start":{"line":3,"column":0},"end":{"line":3,"column":56}},"3":{"start":{"line":4,"column":0},"end":{"line":4,"column":62}},"4":{"start":{"line":5,"column":0},"end":{"line":5,"column":44}},"5":{"start":{"line":6,"column":0},"end":{"line":6,"column":0}},"6":{"start":{"line":7,"column":0},"end":{"line":7,"column":66}},"7":{"start":{"line":8,"column":0},"end":{"line":8,"column":57}},"8":{"start":{"line":9,"column":0},"end":{"line":9,"column":0}},"9":{"start":{"line":10,"column":0},"end":{"line":10,"column":77}},"10":{"start":{"line":11,"column":0},"end":{"line":11,"column":52}},"11":{"start":{"line":12,"column":0},"end":{"line":12,"column":8}},"12":{"start":{"line":13,"column":0},"end":{"line":13,"column":60}},"13":{"start":{"line":14,"column":0},"end":{"line":14,"column":20}},"14":{"start":{"line":15,"column":0},"end":{"line":15,"column":43}},"15":{"start":{"line":16,"column":0},"end":{"line":16,"column":16}},"16":{"start":{"line":17,"column":0},"end":{"line":17,"column":5}},"17":{"start":{"line":18,"column":0},"end":{"line":18,"column":0}},"18":{"start":{"line":19,"column":0},"end":{"line":19,"column":76}},"19":{"start":{"line":20,"column":0},"end":{"line":20,"column":4}},"20":{"start":{"line":21,"column":0},"end":{"line":21,"column":3}},"21":{"start":{"line":22,"column":0},"end":{"line":22,"column":2}},"22":{"start":{"line":23,"column":0},"end":{"line":23,"column":1}}},"s":{"0":1,"1":1,"2":1,"3":1,"4":1,"5":1,"6":1,"7":1,"8":1,"9":1,"10":4,"11":6,"12":6,"13":3,"14":3,"15":2,"16":2,"17":1,"18":1,"19":1,"20":6,"21":1,"22":1},"branchMap":{"0":{"type":"branch","line":8,"loc":{"start":{"line":8,"column":1},"end":{"line":8,"column":57}},"locations":[{"start":{"line":8,"column":1},"end":{"line":8,"column":57}}]},"1":{"type":"branch","line":10,"loc":{"start":{"line":10,"column":7},"end":{"line":22,"column":2}},"locations":[{"start":{"line":10,"column":7},"end":{"line":22,"column":2}}]},"2":{"type":"branch","line":11,"loc":{"start":{"line":11,"column":51},"end":{"line":21,"column":3}},"locations":[{"start":{"line":11,"column":51},"end":{"line":21,"column":3}}]},"3":{"type":"branch","line":14,"loc":{"start":{"line":14,"column":-2},"end":{"line":20,"column":4}},"locations":[{"start":{"line":14,"column":-2},"end":{"line":20,"column":4}}]},"4":{"type":"branch","line":15,"loc":{"start":{"line":15,"column":42},"end":{"line":17,"column":5}},"locations":[{"start":{"line":15,"column":42},"end":{"line":17,"column":5}}]},"5":{"type":"branch","line":18,"loc":{"start":{"line":18,"column":-2},"end":{"line":20,"column":4}},"locations":[{"start":{"line":18,"column":-2},"end":{"line":20,"column":4}}]},"6":{"type":"branch","line":22,"loc":{"start":{"line":22,"column":-2},"end":{"line":22,"column":2}},"locations":[{"start":{"line":22,"column":-2},"end":{"line":22,"column":2}}]}},"b":{"0":[4],"1":[4],"2":[6],"3":[3],"4":[2],"5":[1],"6":[1]},"fnMap":{"0":{"name":"NotificationService","decl":{"start":{"line":8,"column":1},"end":{"line":8,"column":57}},"loc":{"start":{"line":8,"column":1},"end":{"line":8,"column":57}},"line":8},"1":{"name":"SendNotifications","decl":{"start":{"line":10,"column":7},"end":{"line":22,"column":2}},"loc":{"start":{"line":10,"column":7},"end":{"line":22,"column":2}},"line":10}},"f":{"0":4,"1":4}}
,"C:\\Users\\LENOVO\\Documents\\GitHub\\clean-code-final-assignment\\src\\services\\PaymentService.ts": {"path":"C:\\Users\\LENOVO\\Documents\\GitHub\\clean-code-final-assignment\\src\\services\\PaymentService.ts","all":false,"statementMap":{"0":{"start":{"line":1,"column":0},"end":{"line":1,"column":76}},"1":{"start":{"line":2,"column":0},"end":{"line":2,"column":83}},"2":{"start":{"line":3,"column":0},"end":{"line":3,"column":56}},"3":{"start":{"line":4,"column":0},"end":{"line":4,"column":0}},"4":{"start":{"line":5,"column":0},"end":{"line":5,"column":56}},"5":{"start":{"line":6,"column":0},"end":{"line":6,"column":64}},"6":{"start":{"line":7,"column":0},"end":{"line":7,"column":0}},"7":{"start":{"line":8,"column":0},"end":{"line":8,"column":78}},"8":{"start":{"line":9,"column":0},"end":{"line":9,"column":7}},"9":{"start":{"line":10,"column":0},"end":{"line":10,"column":75}},"10":{"start":{"line":11,"column":0},"end":{"line":11,"column":19}},"11":{"start":{"line":12,"column":0},"end":{"line":12,"column":81}},"12":{"start":{"line":13,"column":0},"end":{"line":13,"column":3}},"13":{"start":{"line":14,"column":0},"end":{"line":14,"column":2}},"14":{"start":{"line":15,"column":0},"end":{"line":15,"column":0}},"15":{"start":{"line":16,"column":0},"end":{"line":16,"column":73}},"16":{"start":{"line":17,"column":0},"end":{"line":17,"column":7}},"17":{"start":{"line":18,"column":0},"end":{"line":18,"column":81}},"18":{"start":{"line":19,"column":0},"end":{"line":19,"column":15}},"19":{"start":{"line":20,"column":0},"end":{"line":20,"column":86}},"20":{"start":{"line":21,"column":0},"end":{"line":21,"column":4}},"21":{"start":{"line":22,"column":0},"end":{"line":22,"column":19}},"22":{"start":{"line":23,"column":0},"end":{"line":23,"column":81}},"23":{"start":{"line":24,"column":0},"end":{"line":24,"column":3}},"24":{"start":{"line":25,"column":0},"end":{"line":25,"column":2}},"25":{"start":{"line":26,"column":0},"end":{"line":26,"column":1}}},"s":{"0":1,"1":1,"2":1,"3":1,"4":1,"5":1,"6":1,"7":1,"8":3,"9":3,"10":3,"11":1,"12":1,"13":3,"14":1,"15":1,"16":2,"17":2,"18":1,"19":1,"20":1,"21":1,"22":1,"23":1,"24":2,"25":1},"branchMap":{"0":{"type":"branch","line":6,"loc":{"start":{"line":6,"column":1},"end":{"line":6,"column":64}},"locations":[{"start":{"line":6,"column":1},"end":{"line":6,"column":64}}]},"1":{"type":"branch","line":8,"loc":{"start":{"line":8,"column":7},"end":{"line":14,"column":2}},"locations":[{"start":{"line":8,"column":7},"end":{"line":14,"column":2}}]},"2":{"type":"branch","line":11,"loc":{"start":{"line":11,"column":4},"end":{"line":13,"column":3}},"locations":[{"start":{"line":11,"column":4},"end":{"line":13,"column":3}}]},"3":{"type":"branch","line":16,"loc":{"start":{"line":16,"column":7},"end":{"line":25,"column":2}},"locations":[{"start":{"line":16,"column":7},"end":{"line":25,"column":2}}]},"4":{"type":"branch","line":19,"loc":{"start":{"line":19,"column":-2},"end":{"line":24,"column":3}},"locations":[{"start":{"line":19,"column":-2},"end":{"line":24,"column":3}}]}},"b":{"0":[5],"1":[3],"2":[1],"3":[2],"4":[1]},"fnMap":{"0":{"name":"PaymentService","decl":{"start":{"line":6,"column":1},"end":{"line":6,"column":64}},"loc":{"start":{"line":6,"column":1},"end":{"line":6,"column":64}},"line":6},"1":{"name":"GetIsOrderPaid","decl":{"start":{"line":8,"column":7},"end":{"line":14,"column":2}},"loc":{"start":{"line":8,"column":7},"end":{"line":14,"column":2}},"line":8},"2":{"name":"PayForCourse","decl":{"start":{"line":16,"column":7},"end":{"line":25,"column":2}},"loc":{"start":{"line":16,"column":7},"end":{"line":25,"column":2}},"line":16}},"f":{"0":5,"1":3,"2":2}}
}
