TN:
SF:src\errors\networkError.ts
FN:2,NetworkError
FNF:1
FNH:1
FNDA:4,NetworkError
DA:1,1
DA:2,1
DA:3,4
DA:4,4
DA:5,4
DA:6,1
LF:6
LH:6
BRDA:2,0,0,4
BRF:1
BRH:1
end_of_record
TN:
SF:src\services\PaymentService.ts
FN:6,PaymentService
FN:8,GetIsOrderPaid
FN:16,PayForCourse
FNF:3
FNH:3
FNDA:5,PaymentService
FNDA:3,GetIsOrderPaid
FNDA:2,PayForCourse
DA:1,1
DA:2,1
DA:3,1
DA:4,1
DA:5,1
DA:6,1
DA:7,1
DA:8,1
DA:9,3
DA:10,3
DA:11,3
DA:12,1
DA:13,1
DA:14,3
DA:15,1
DA:16,1
DA:17,2
DA:18,2
DA:19,2
DA:20,1
DA:21,1
DA:22,2
DA:23,1
LF:23
LH:23
BRDA:6,0,0,5
BRDA:8,1,0,3
BRDA:11,2,0,1
BRDA:16,3,0,2
BRDA:19,4,0,1
BRF:5
BRH:5
end_of_record
