TN:
SF:src\clients\EmailClient.ts
FN:6,SendNotification
FN:17,isValidEmail
FNF:2
FNH:2
FNDA:2,SendNotification
FNDA:2,isValidEmail
DA:1,1
DA:2,1
DA:3,1
DA:4,1
DA:5,1
DA:6,1
DA:7,2
DA:8,1
DA:9,1
DA:10,1
DA:11,1
DA:12,1
DA:13,1
DA:14,1
DA:15,1
DA:16,1
DA:17,1
DA:18,2
DA:19,2
DA:20,2
DA:21,1
LF:21
LH:21
BRDA:6,0,0,2
BRDA:7,1,0,1
BRDA:17,2,0,2
BRF:3
BRH:3
end_of_record
TN:
SF:src\clients\FinancialApiClient.ts
FN:6,FinancialApiClient
FN:10,GetIsOrderPaid
FN:16,ChangePaymentStatus
FNF:3
FNH:3
FNDA:3,FinancialApiClient
FNDA:2,GetIsOrderPaid
FNDA:1,ChangePaymentStatus
DA:1,1
DA:2,1
DA:3,1
DA:4,1
DA:5,1
DA:6,1
DA:7,3
DA:8,3
DA:9,1
DA:10,1
DA:11,2
DA:12,2
DA:13,2
DA:14,2
DA:15,1
DA:16,1
DA:17,1
DA:18,1
DA:19,1
DA:20,1
DA:21,1
DA:22,1
DA:23,1
DA:24,1
DA:25,1
DA:26,1
DA:27,1
LF:27
LH:27
BRDA:6,0,0,3
BRDA:10,1,0,2
BRDA:13,2,0,1
BRDA:13,3,0,1
BRDA:16,4,0,1
BRF:5
BRH:5
end_of_record
TN:
SF:src\clients\PushNotificationClient.ts
FN:6,SendNotification
FN:17,isValidPhoneNumber
FNF:2
FNH:2
FNDA:2,SendNotification
FNDA:2,isValidPhoneNumber
DA:1,1
DA:2,1
DA:3,1
DA:4,1
DA:5,1
DA:6,1
DA:7,2
DA:8,1
DA:9,1
DA:10,1
DA:11,1
DA:12,1
DA:13,1
DA:14,1
DA:15,1
DA:16,1
DA:17,1
DA:18,2
DA:19,2
DA:20,2
DA:21,1
LF:21
LH:21
BRDA:6,0,0,2
BRDA:7,1,0,1
BRDA:17,2,0,2
BRF:3
BRH:3
end_of_record
TN:
SF:src\errors\networkError.ts
FN:2,NetworkError
FNF:1
FNH:1
FNDA:40,NetworkError
DA:1,1
DA:2,1
DA:3,40
DA:4,40
DA:5,40
DA:6,1
LF:6
LH:6
BRDA:2,0,0,40
BRF:1
BRH:1
end_of_record
TN:
SF:src\errors\notFoundError.ts
FN:2,NotFoundError
FNF:1
FNH:1
FNDA:12,NotFoundError
DA:1,1
DA:2,1
DA:3,12
DA:4,12
DA:5,12
DA:6,1
LF:6
LH:6
BRDA:2,0,0,12
BRF:1
BRH:1
end_of_record
TN:
SF:src\errors\validationError.ts
FN:2,ValidationError
FNF:1
FNH:1
FNDA:6,ValidationError
DA:1,1
DA:2,1
DA:3,6
DA:4,6
DA:5,6
DA:6,1
LF:6
LH:6
BRDA:2,0,0,6
BRF:1
BRH:1
end_of_record
TN:
SF:src\models\Course.ts
FN:8,Course
FN:16,AddStudentToCourse
FN:20,AddLecturerToCourse
FN:24,GetStudents
FN:28,GetLecturers
FN:32,GetId
FN:36,GetName
FN:40,GetCostInHuf
FN:44,GetLengthInWeeks
FN:48,GetStartDate
FNF:10
FNH:10
FNDA:14,Course
FNDA:1,AddStudentToCourse
FNDA:1,AddLecturerToCourse
FNDA:1,GetStudents
FNDA:1,GetLecturers
FNDA:7,GetId
FNDA:1,GetName
FNDA:1,GetCostInHuf
FNDA:1,GetLengthInWeeks
FNDA:1,GetStartDate
DA:1,1
DA:2,1
DA:3,1
DA:4,1
DA:5,1
DA:6,1
DA:7,1
DA:8,1
DA:9,14
DA:10,14
DA:11,14
DA:12,14
DA:13,14
DA:14,14
DA:15,1
DA:16,1
DA:17,1
DA:18,1
DA:19,1
DA:20,1
DA:21,1
DA:22,1
DA:23,1
DA:24,1
DA:25,1
DA:26,1
DA:27,1
DA:28,1
DA:29,1
DA:30,1
DA:31,1
DA:32,1
DA:33,7
DA:34,7
DA:35,1
DA:36,1
DA:37,1
DA:38,1
DA:39,1
DA:40,1
DA:41,1
DA:42,1
DA:43,1
DA:44,1
DA:45,1
DA:46,1
DA:47,1
DA:48,1
DA:49,1
DA:50,1
DA:51,1
LF:51
LH:51
BRDA:8,0,0,14
BRDA:16,1,0,1
BRDA:20,2,0,1
BRDA:24,3,0,1
BRDA:28,4,0,1
BRDA:32,5,0,7
BRDA:36,6,0,1
BRDA:40,7,0,1
BRDA:44,8,0,1
BRDA:48,9,0,1
BRF:10
BRH:10
end_of_record
TN:
SF:src\models\CourseStatistics.ts
FN:4,CourseStatistics
FN:13,GetId
FN:17,GetCourseId
FN:21,GetStudentId
FN:25,GetTotalLectures
FN:29,GetLecturesCompleted
FN:33,GetLastAccessed
FN:37,GetProgress
FN:41,SetId
FN:45,SetCourseId
FN:49,SetStudentId
FN:53,SetTotalLectures
FN:57,SetLecturesCompleted
FN:61,SetLastAccessed
FN:65,SetProgress
FNF:15
FNH:15
FNDA:20,CourseStatistics
FNDA:4,GetId
FNDA:2,GetCourseId
FNDA:2,GetStudentId
FNDA:2,GetTotalLectures
FNDA:2,GetLecturesCompleted
FNDA:2,GetLastAccessed
FNDA:2,GetProgress
FNDA:1,SetId
FNDA:1,SetCourseId
FNDA:1,SetStudentId
FNDA:1,SetTotalLectures
FNDA:1,SetLecturesCompleted
FNDA:1,SetLastAccessed
FNDA:1,SetProgress
DA:1,1
DA:2,1
DA:3,1
DA:4,1
DA:5,20
DA:6,20
DA:7,20
DA:8,20
DA:9,20
DA:10,20
DA:11,20
DA:12,1
DA:13,1
DA:14,4
DA:15,4
DA:16,1
DA:17,1
DA:18,2
DA:19,2
DA:20,1
DA:21,1
DA:22,2
DA:23,2
DA:24,1
DA:25,1
DA:26,2
DA:27,2
DA:28,1
DA:29,1
DA:30,2
DA:31,2
DA:32,1
DA:33,1
DA:34,2
DA:35,2
DA:36,1
DA:37,1
DA:38,2
DA:39,2
DA:40,1
DA:41,1
DA:42,1
DA:43,1
DA:44,1
DA:45,1
DA:46,1
DA:47,1
DA:48,1
DA:49,1
DA:50,1
DA:51,1
DA:52,1
DA:53,1
DA:54,1
DA:55,1
DA:56,1
DA:57,1
DA:58,1
DA:59,1
DA:60,1
DA:61,1
DA:62,1
DA:63,1
DA:64,1
DA:65,1
DA:66,1
DA:67,1
DA:68,1
LF:68
LH:68
BRDA:4,0,0,20
BRDA:13,1,0,4
BRDA:17,2,0,2
BRDA:21,3,0,2
BRDA:25,4,0,2
BRDA:29,5,0,2
BRDA:33,6,0,2
BRDA:37,7,0,2
BRDA:41,8,0,1
BRDA:45,9,0,1
BRDA:49,10,0,1
BRDA:53,11,0,1
BRDA:57,12,0,1
BRDA:61,13,0,1
BRDA:65,14,0,1
BRF:15
BRH:15
end_of_record
TN:
SF:src\models\Lecturer.ts
FN:6,Lecturer
FN:17,GetStartDate
FN:21,SetStartDate
FNF:3
FNH:3
FNDA:26,Lecturer
FNDA:2,GetStartDate
FNDA:1,SetStartDate
DA:1,1
DA:2,1
DA:3,1
DA:4,1
DA:5,1
DA:6,1
DA:7,26
DA:8,26
DA:9,26
DA:10,26
DA:11,26
DA:12,26
DA:13,26
DA:14,26
DA:15,26
DA:16,1
DA:17,1
DA:18,2
DA:19,2
DA:20,1
DA:21,1
DA:22,1
DA:23,1
DA:24,1
LF:24
LH:24
BRDA:6,0,0,26
BRDA:17,1,0,2
BRDA:21,2,0,1
BRF:3
BRH:3
end_of_record
TN:
SF:src\models\Person.ts
FN:2,Person
FN:11,GetId
FN:15,GetName
FN:19,GetBirthDate
FN:23,GetGender
FN:27,GetEmailAddress
FN:31,GetPhoneNumber
FN:35,SetId
FN:39,SetName
FN:43,SetBirthDate
FN:47,SetGender
FN:51,SetEmailAddress
FN:55,SetPhoneNumber
FNF:13
FNH:13
FNDA:72,Person
FNDA:26,GetId
FNDA:6,GetName
FNDA:6,GetBirthDate
FNDA:6,GetGender
FNDA:10,GetEmailAddress
FNDA:10,GetPhoneNumber
FNDA:3,SetId
FNDA:3,SetName
FNDA:3,SetBirthDate
FNDA:3,SetGender
FNDA:3,SetEmailAddress
FNDA:3,SetPhoneNumber
DA:1,1
DA:2,1
DA:3,72
DA:4,72
DA:5,72
DA:6,72
DA:7,72
DA:8,72
DA:9,72
DA:10,1
DA:11,1
DA:12,26
DA:13,26
DA:14,1
DA:15,1
DA:16,6
DA:17,6
DA:18,1
DA:19,1
DA:20,6
DA:21,6
DA:22,1
DA:23,1
DA:24,6
DA:25,6
DA:26,1
DA:27,1
DA:28,10
DA:29,10
DA:30,1
DA:31,1
DA:32,10
DA:33,10
DA:34,1
DA:35,1
DA:36,3
DA:37,3
DA:38,1
DA:39,1
DA:40,3
DA:41,3
DA:42,1
DA:43,1
DA:44,3
DA:45,3
DA:46,1
DA:47,1
DA:48,3
DA:49,3
DA:50,1
DA:51,1
DA:52,3
DA:53,3
DA:54,1
DA:55,1
DA:56,3
DA:57,3
DA:58,1
LF:58
LH:58
BRDA:2,0,0,72
BRDA:11,1,0,26
BRDA:15,2,0,6
BRDA:19,3,0,6
BRDA:23,4,0,6
BRDA:27,5,0,10
BRDA:31,6,0,10
BRDA:35,7,0,3
BRDA:39,8,0,3
BRDA:43,9,0,3
BRDA:47,10,0,3
BRDA:51,11,0,3
BRDA:55,12,0,3
BRF:13
BRH:13
end_of_record
TN:
SF:src\models\Student.ts
FN:6,Student
FN:17,GetRegistrationDate
FN:21,SetRegistrationDate
FNF:3
FNH:3
FNDA:29,Student
FNDA:2,GetRegistrationDate
FNDA:1,SetRegistrationDate
DA:1,1
DA:2,1
DA:3,1
DA:4,1
DA:5,1
DA:6,1
DA:7,29
DA:8,29
DA:9,29
DA:10,29
DA:11,29
DA:12,29
DA:13,29
DA:14,29
DA:15,29
DA:16,1
DA:17,1
DA:18,2
DA:19,2
DA:20,1
DA:21,1
DA:22,1
DA:23,1
DA:24,1
LF:24
LH:24
BRDA:6,0,0,29
BRDA:17,1,0,2
BRDA:21,2,0,1
BRF:3
BRH:3
end_of_record
TN:
SF:src\repository\CourseRepository.ts
FN:11,CourseRepository
FN:13,AddCourse
FN:22,AddStudentToCourse
FN:31,AddLecturerToCourse
FN:40,GetCourseById
FN:51,GetCourses
FN:59,GetCourseStatisticsByCourseId
FNF:7
FNH:7
FNDA:13,CourseRepository
FNDA:2,AddCourse
FNDA:2,AddStudentToCourse
FNDA:2,AddLecturerToCourse
FNDA:3,GetCourseById
FNDA:2,GetCourses
FNDA:2,GetCourseStatisticsByCourseId
DA:1,1
DA:2,1
DA:3,1
DA:4,1
DA:5,1
DA:6,1
DA:7,1
DA:8,1
DA:9,1
DA:10,1
DA:11,1
DA:12,1
DA:13,1
DA:14,2
DA:15,2
DA:16,1
DA:17,1
DA:18,1
DA:19,1
DA:20,2
DA:21,1
DA:22,1
DA:23,2
DA:24,2
DA:25,1
DA:26,1
DA:27,1
DA:28,1
DA:29,2
DA:30,1
DA:31,1
DA:32,2
DA:33,2
DA:34,1
DA:35,1
DA:36,1
DA:37,1
DA:38,2
DA:39,1
DA:40,1
DA:41,3
DA:42,3
DA:43,3
DA:44,2
DA:45,1
DA:46,1
DA:47,1
DA:48,1
DA:49,3
DA:50,1
DA:51,1
DA:52,2
DA:53,2
DA:54,2
DA:55,1
DA:56,1
DA:57,2
DA:58,1
DA:59,1
DA:60,2
DA:61,2
DA:62,2
DA:63,1
DA:64,1
DA:65,2
DA:66,1
LF:66
LH:66
BRDA:11,0,0,13
BRDA:13,1,0,2
BRDA:16,2,0,1
BRDA:22,3,0,2
BRDA:25,4,0,1
BRDA:31,5,0,2
BRDA:34,6,0,1
BRDA:40,7,0,3
BRDA:43,8,0,2
BRDA:44,9,0,1
BRDA:51,10,0,2
BRDA:54,11,0,1
BRDA:59,12,0,2
BRDA:62,13,0,1
BRF:14
BRH:14
end_of_record
TN:
SF:src\repository\CourseStatisticsRepository.ts
FN:8,CourseStatisticsRepository
FN:10,AddCourseStatistics
FN:19,GetCourseStatisticsById
FN:30,GetCourseStatistics
FNF:4
FNH:4
FNDA:7,CourseStatisticsRepository
FNDA:2,AddCourseStatistics
FNDA:3,GetCourseStatisticsById
FNDA:2,GetCourseStatistics
DA:1,1
DA:2,1
DA:3,1
DA:4,1
DA:5,1
DA:6,1
DA:7,1
DA:8,1
DA:9,1
DA:10,1
DA:11,2
DA:12,2
DA:13,1
DA:14,1
DA:15,1
DA:16,1
DA:17,2
DA:18,1
DA:19,1
DA:20,3
DA:21,3
DA:22,3
DA:23,2
DA:24,1
DA:25,1
DA:26,1
DA:27,1
DA:28,3
DA:29,1
DA:30,1
DA:31,2
DA:32,2
DA:33,2
DA:34,1
DA:35,1
DA:36,2
DA:37,1
LF:37
LH:37
BRDA:8,0,0,7
BRDA:10,1,0,2
BRDA:13,2,0,1
BRDA:19,3,0,3
BRDA:22,4,0,2
BRDA:23,5,0,1
BRDA:30,6,0,2
BRDA:33,7,0,1
BRF:8
BRH:8
end_of_record
TN:
SF:src\repository\LecturerRepository.ts
FN:8,LecturerRepository
FN:10,AddLecturer
FN:19,GetLecturerById
FN:30,GetLecturers
FNF:4
FNH:4
FNDA:7,LecturerRepository
FNDA:2,AddLecturer
FNDA:3,GetLecturerById
FNDA:2,GetLecturers
DA:1,1
DA:2,1
DA:3,1
DA:4,1
DA:5,1
DA:6,1
DA:7,1
DA:8,1
DA:9,1
DA:10,1
DA:11,2
DA:12,2
DA:13,1
DA:14,1
DA:15,1
DA:16,1
DA:17,2
DA:18,1
DA:19,1
DA:20,3
DA:21,3
DA:22,3
DA:23,2
DA:24,1
DA:25,1
DA:26,1
DA:27,1
DA:28,3
DA:29,1
DA:30,1
DA:31,2
DA:32,2
DA:33,2
DA:34,1
DA:35,1
DA:36,2
DA:37,1
LF:37
LH:37
BRDA:8,0,0,7
BRDA:10,1,0,2
BRDA:13,2,0,1
BRDA:19,3,0,3
BRDA:22,4,0,2
BRDA:23,5,0,1
BRDA:30,6,0,2
BRDA:33,7,0,1
BRF:8
BRH:8
end_of_record
TN:
SF:src\repository\StudentRepository.ts
FN:9,StudentRepository
FN:11,AddStudent
FN:20,GetStudentById
FN:31,GetStudents
FN:39,GetCourseStatisticsByStudentId
FNF:5
FNH:5
FNDA:9,StudentRepository
FNDA:2,AddStudent
FNDA:3,GetStudentById
FNDA:2,GetStudents
FNDA:2,GetCourseStatisticsByStudentId
DA:1,1
DA:2,1
DA:3,1
DA:4,1
DA:5,1
DA:6,1
DA:7,1
DA:8,1
DA:9,1
DA:10,1
DA:11,1
DA:12,2
DA:13,2
DA:14,1
DA:15,1
DA:16,1
DA:17,1
DA:18,2
DA:19,1
DA:20,1
DA:21,3
DA:22,3
DA:23,3
DA:24,2
DA:25,1
DA:26,1
DA:27,1
DA:28,1
DA:29,3
DA:30,1
DA:31,1
DA:32,2
DA:33,2
DA:34,2
DA:35,1
DA:36,1
DA:37,2
DA:38,1
DA:39,1
DA:40,2
DA:41,2
DA:42,2
DA:43,1
DA:44,1
DA:45,2
DA:46,1
LF:46
LH:46
BRDA:9,0,0,9
BRDA:11,1,0,2
BRDA:14,2,0,1
BRDA:20,3,0,3
BRDA:23,4,0,2
BRDA:24,5,0,1
BRDA:31,6,0,2
BRDA:34,7,0,1
BRDA:39,8,0,2
BRDA:42,9,0,1
BRF:10
BRH:10
end_of_record
TN:
SF:src\services\CourseService.ts
FN:8,CourseService
FN:14,AddPaidStudentToCourse
FNF:2
FNH:2
FNDA:3,CourseService
FNDA:3,AddPaidStudentToCourse
DA:1,1
DA:2,1
DA:3,1
DA:4,1
DA:5,1
DA:6,1
DA:7,1
DA:8,1
DA:9,3
DA:10,3
DA:11,3
DA:12,3
DA:13,1
DA:14,1
DA:15,3
DA:16,3
DA:17,1
DA:18,1
DA:19,2
DA:20,2
DA:21,2
DA:22,2
DA:23,2
DA:24,2
DA:25,3
DA:26,1
DA:27,1
DA:28,1
DA:29,1
DA:30,1
DA:31,1
DA:32,1
DA:33,1
DA:34,1
DA:35,1
DA:36,1
LF:36
LH:36
BRDA:8,0,0,3
BRDA:14,1,0,3
BRDA:16,2,0,1
BRDA:19,3,0,2
BRDA:25,4,0,1
BRF:5
BRH:5
end_of_record
TN:
SF:src\services\NotificationService.ts
FN:8,NotificationService
FN:10,SendNotifications
FNF:2
FNH:2
FNDA:4,NotificationService
FNDA:4,SendNotifications
DA:1,1
DA:2,1
DA:3,1
DA:4,1
DA:5,1
DA:6,1
DA:7,1
DA:8,1
DA:9,1
DA:10,1
DA:11,4
DA:12,6
DA:13,6
DA:14,3
DA:15,3
DA:16,2
DA:17,2
DA:18,1
DA:19,1
DA:20,1
DA:21,6
DA:22,1
DA:23,1
LF:23
LH:23
BRDA:8,0,0,4
BRDA:10,1,0,4
BRDA:11,2,0,6
BRDA:14,3,0,3
BRDA:15,4,0,2
BRDA:18,5,0,1
BRDA:22,6,0,1
BRF:7
BRH:7
end_of_record
TN:
SF:src\services\PaymentService.ts
FN:6,PaymentService
FN:8,GetIsOrderPaid
FN:16,PayForCourse
FNF:3
FNH:3
FNDA:5,PaymentService
FNDA:3,GetIsOrderPaid
FNDA:2,PayForCourse
DA:1,1
DA:2,1
DA:3,1
DA:4,1
DA:5,1
DA:6,1
DA:7,1
DA:8,1
DA:9,3
DA:10,3
DA:11,3
DA:12,1
DA:13,1
DA:14,3
DA:15,1
DA:16,1
DA:17,2
DA:18,2
DA:19,1
DA:20,1
DA:21,1
DA:22,1
DA:23,1
DA:24,1
DA:25,2
DA:26,1
LF:26
LH:26
BRDA:6,0,0,5
BRDA:8,1,0,3
BRDA:11,2,0,1
BRDA:16,3,0,2
BRDA:19,4,0,1
BRF:5
BRH:5
end_of_record
